[32m2024-07-26 21:53:53 - Python RPA Challenge -> Tasks - tasks_local_test.py - [32mINFO    : [32mThe current item from the work item has been retrieved[0m
[32m2024-07-26 21:53:53 - Python RPA Challenge -> Scraping - webdrv_util.py - [32mINFO    : [32mCreating browser object[0m
[32m2024-07-26 21:54:14 - Python RPA Challenge -> Tasks - tasks_local_test.py - [32mINFO    : [32mThe current item from the work item has been retrieved[0m
[32m2024-07-26 21:54:16 - Python RPA Challenge -> Scraping - webdrv_util.py - [32mINFO    : [32mCreating browser object[0m
[32m2024-07-26 21:54:29 - Python RPA Challenge -> Tasks - tasks_local_test.py - [32mINFO    : [32mThe current item from the work item has been retrieved[0m
[32m2024-07-26 21:54:32 - Python RPA Challenge -> Scraping - webdrv_util.py - [32mINFO    : [32mCreating browser object[0m
[32m2024-07-26 21:56:14 - Python RPA Challenge -> Tasks - tasks_local_test.py - [32mINFO    : [32mThe current item from the work item has been retrieved[0m
[32m2024-07-26 21:56:24 - Python RPA Challenge -> Scraping - webdrv_util.py - [32mINFO    : [32mCreating browser object[0m
[31m2024-07-26 21:56:30 - Python RPA Challenge -> Scraping - webdrv_util.py - [31mERROR   : [31mAn error occurred in get_driver: Traceback (most recent call last):
  File "c:\Users\tiago\OneDrive\Documentos\Challenge\AmazingDevsChallenge\challenge\webdriver_util\webdrv_util.py", line 255, in get_driver
    browser.open_available_browser("about:blank", options=options)
  File "c:\Users\tiago\OneDrive\Documentos\Challenge\AmazingDevsChallenge\challenge\.venv\Lib\site-packages\RPA\Browser\common.py", line 36, in wrapper
    return super_func(*args, headless=headless, **kwargs)
           ^^^^^^^^^^^^^^^^^^^^^^^^^^^^^^^^^^^^^^^^^^^^^^
  File "c:\Users\tiago\OneDrive\Documentos\Challenge\AmazingDevsChallenge\challenge\.venv\Lib\site-packages\RPA\Browser\Selenium.py", line 589, in open_available_browser
    raise BrowserNotFoundError(msg)
RPA.Browser.Selenium.BrowserNotFoundError: Failed to start a browser:
- Chrome: maximum recursion depth exceeded while calling a Python object
- Firefox: Could not get browser version
- Edge: maximum recursion depth exceeded while calling a Python object

[0m
[32m2024-07-26 21:56:30 - Python RPA Challenge -> Scraping - methods.py - [32mINFO    : [32mStarting Scraper[0m
2024-07-26 21:56:30 - Python RPA Challenge -> Scraping - methods.py - CRITICAL: AttributeError: 'NoneType' object has no attribute 'driver'[0m
2024-07-26 21:56:30 - Python RPA Challenge -> Tasks - tasks_local_test.py - CRITICAL: There is a problem with a inicial search[0m
[32m2024-07-26 21:57:55 - Python RPA Challenge -> Tasks - tasks_local_test.py - [32mINFO    : [32mThe current item from the work item has been retrieved[0m
[32m2024-07-26 21:57:59 - Python RPA Challenge -> Scraping - webdrv_util.py - [32mINFO    : [32mCreating browser object[0m
[31m2024-07-26 21:58:05 - Python RPA Challenge -> Scraping - webdrv_util.py - [31mERROR   : [31mAn error occurred in get_driver: Traceback (most recent call last):
  File "c:\Users\tiago\OneDrive\Documentos\Challenge\AmazingDevsChallenge\challenge\webdriver_util\webdrv_util.py", line 255, in get_driver
    browser.open_available_browser("about:blank", options=options)
  File "c:\Users\tiago\OneDrive\Documentos\Challenge\AmazingDevsChallenge\challenge\.venv\Lib\site-packages\RPA\Browser\common.py", line 36, in wrapper
    return super_func(*args, headless=headless, **kwargs)
           ^^^^^^^^^^^^^^^^^^^^^^^^^^^^^^^^^^^^^^^^^^^^^^
  File "c:\Users\tiago\OneDrive\Documentos\Challenge\AmazingDevsChallenge\challenge\.venv\Lib\site-packages\RPA\Browser\Selenium.py", line 589, in open_available_browser
    raise BrowserNotFoundError(msg)
RPA.Browser.Selenium.BrowserNotFoundError: Failed to start a browser:
- Chrome: maximum recursion depth exceeded while calling a Python object
- Firefox: Could not get browser version
- Edge: maximum recursion depth exceeded while calling a Python object

[0m
[32m2024-07-26 21:58:05 - Python RPA Challenge -> Scraping - methods.py - [32mINFO    : [32mStarting Scraper[0m
2024-07-26 21:58:05 - Python RPA Challenge -> Scraping - methods.py - CRITICAL: AttributeError: 'NoneType' object has no attribute 'driver'[0m
2024-07-26 21:58:05 - Python RPA Challenge -> Tasks - tasks_local_test.py - CRITICAL: There is a problem with a inicial search[0m
[32m2024-07-26 21:58:42 - Python RPA Challenge -> Tasks - tasks_local_test.py - [32mINFO    : [32mThe current item from the work item has been retrieved[0m
[32m2024-07-26 21:58:42 - Python RPA Challenge -> Scraping - webdrv_util.py - [32mINFO    : [32mCreating browser object[0m
[31m2024-07-26 21:58:50 - Python RPA Challenge -> Scraping - webdrv_util.py - [31mERROR   : [31mAn error occurred in get_driver: Traceback (most recent call last):
  File "c:\Users\tiago\OneDrive\Documentos\Challenge\AmazingDevsChallenge\challenge\webdriver_util\webdrv_util.py", line 255, in get_driver
    browser.open_chrome_browser("about:blank", options=options)
TypeError: Selenium.open_chrome_browser() got an unexpected keyword argument 'options'
[0m
[32m2024-07-26 22:05:28 - Python RPA Challenge -> Tasks - tasks_local_test.py - [32mINFO    : [32mThe current item from the work item has been retrieved[0m
[32m2024-07-26 22:05:28 - Python RPA Challenge -> Scraping - webdrv_util.py - [32mINFO    : [32mCreating browser object[0m
[32m2024-07-26 22:05:39 - Python RPA Challenge -> Scraping - webdrv_util.py - [32mINFO    : [32mAccessing the site: https://www.latimes.com/[0m
[32m2024-07-26 22:06:02 - Python RPA Challenge -> Scraping - webdrv_util.py - [32mINFO    : [32mMozilla/5.0 (Windows NT 10.0; Win64; x64) AppleWebKit/537.36 (KHTML, like Gecko) HeadlessChrome/127.0.6533.72 Safari/537.36[0m
[32m2024-07-26 22:06:02 - Python RPA Challenge -> Scraping - methods.py - [32mINFO    : [32mStarting Scraper[0m
[37m2024-07-26 22:06:02 - Python RPA Challenge -> Scraping - webdrv_util.py - [37mDEBUG   : [37mTrying to find button[data-element="search-button"][0m
[37m2024-07-26 22:06:02 - Python RPA Challenge -> Scraping - webdrv_util.py - [37mDEBUG   : [37mWaiting for find_css button[data-element="search-button"][0m
[32m2024-07-26 22:06:02 - Python RPA Challenge -> Scraping - webdrv_util.py - [32mINFO    : [32mFound find_css button[data-element="search-button"][0m
[37m2024-07-26 22:06:02 - Python RPA Challenge -> Scraping - webdrv_util.py - [37mDEBUG   : [37mFound element: <selenium.webdriver.remote.webelement.WebElement (session="f66908f004669665dabeb86403b5c3d1", element="f.8288C275DD52B714133AB168193AC261.d.AF60FAF6A82C0C364DA42E6346DF3243.e.135")>[0m
[37m2024-07-26 22:06:02 - Python RPA Challenge -> Scraping - webdrv_util.py - [37mDEBUG   : [37mWaiting for Trying to click[0m
[32m2024-07-26 22:06:02 - Python RPA Challenge -> Scraping - webdrv_util.py - [32mINFO    : [32mFound Trying to click[0m
[37m2024-07-26 22:06:02 - Python RPA Challenge -> Scraping - webdrv_util.py - [37mDEBUG   : [37mTrying to find input[data-element='search-form-input'][0m
[37m2024-07-26 22:06:02 - Python RPA Challenge -> Scraping - webdrv_util.py - [37mDEBUG   : [37mWaiting for find_css input[data-element='search-form-input'][0m
[32m2024-07-26 22:06:02 - Python RPA Challenge -> Scraping - webdrv_util.py - [32mINFO    : [32mFound find_css input[data-element='search-form-input'][0m
[37m2024-07-26 22:06:02 - Python RPA Challenge -> Scraping - webdrv_util.py - [37mDEBUG   : [37mFound element: <selenium.webdriver.remote.webelement.WebElement (session="f66908f004669665dabeb86403b5c3d1", element="f.8288C275DD52B714133AB168193AC261.d.AF60FAF6A82C0C364DA42E6346DF3243.e.136")>[0m
2024-07-26 22:06:02 - Python RPA Challenge -> Scraping - methods.py - CRITICAL: Unexpected error: name 'sleep' is not defined[0m
2024-07-26 22:06:02 - Python RPA Challenge -> Tasks - tasks_local_test.py - CRITICAL: There is a problem with a inicial search[0m
[32m2024-07-26 22:07:02 - Python RPA Challenge -> Tasks - tasks_local_test.py - [32mINFO    : [32mThe current item from the work item has been retrieved[0m
[32m2024-07-26 22:07:02 - Python RPA Challenge -> Scraping - webdrv_util.py - [32mINFO    : [32mCreating browser object[0m
[32m2024-07-26 22:07:59 - Python RPA Challenge -> Scraping - webdrv_util.py - [32mINFO    : [32mAccessing the site: https://www.latimes.com/[0m
[32m2024-07-26 22:10:35 - Python RPA Challenge -> Tasks - tasks_local_test.py - [32mINFO    : [32mThe current item from the work item has been retrieved[0m
[32m2024-07-26 22:10:35 - Python RPA Challenge -> Scraping - webdrv_util.py - [32mINFO    : [32mCreating browser object[0m
[32m2024-07-26 22:10:39 - Python RPA Challenge -> Scraping - webdrv_util.py - [32mINFO    : [32mAccessing the site: https://www.latimes.com/[0m
[32m2024-07-26 22:10:46 - Python RPA Challenge -> Scraping - webdrv_util.py - [32mINFO    : [32mMozilla/5.0 (Windows NT 10.0; Win64; x64) AppleWebKit/537.36 (KHTML, like Gecko) HeadlessChrome/127.0.6533.72 Safari/537.36[0m
[32m2024-07-26 22:10:46 - Python RPA Challenge -> Scraping - methods.py - [32mINFO    : [32mStarting Scraper[0m
[37m2024-07-26 22:10:46 - Python RPA Challenge -> Scraping - webdrv_util.py - [37mDEBUG   : [37mTrying to find button[data-element="search-button"][0m
[37m2024-07-26 22:10:46 - Python RPA Challenge -> Scraping - webdrv_util.py - [37mDEBUG   : [37mWaiting for find_css button[data-element="search-button"][0m
[32m2024-07-26 22:10:46 - Python RPA Challenge -> Scraping - webdrv_util.py - [32mINFO    : [32mFound find_css button[data-element="search-button"][0m
[37m2024-07-26 22:10:46 - Python RPA Challenge -> Scraping - webdrv_util.py - [37mDEBUG   : [37mFound element: <selenium.webdriver.remote.webelement.WebElement (session="d41e68df707f29f22e7a1050ca796df9", element="f.BA4EE02285B3B38989E1F4BD75A11002.d.20954ACD8F088B48C5EF0740F112254D.e.132")>[0m
[37m2024-07-26 22:10:46 - Python RPA Challenge -> Scraping - webdrv_util.py - [37mDEBUG   : [37mWaiting for Trying to click[0m
[32m2024-07-26 22:10:46 - Python RPA Challenge -> Scraping - webdrv_util.py - [32mINFO    : [32mFound Trying to click[0m
[37m2024-07-26 22:10:46 - Python RPA Challenge -> Scraping - webdrv_util.py - [37mDEBUG   : [37mTrying to find input[data-element='search-form-input'][0m
[37m2024-07-26 22:10:46 - Python RPA Challenge -> Scraping - webdrv_util.py - [37mDEBUG   : [37mWaiting for find_css input[data-element='search-form-input'][0m
[32m2024-07-26 22:10:46 - Python RPA Challenge -> Scraping - webdrv_util.py - [32mINFO    : [32mFound find_css input[data-element='search-form-input'][0m
[37m2024-07-26 22:10:46 - Python RPA Challenge -> Scraping - webdrv_util.py - [37mDEBUG   : [37mFound element: <selenium.webdriver.remote.webelement.WebElement (session="d41e68df707f29f22e7a1050ca796df9", element="f.BA4EE02285B3B38989E1F4BD75A11002.d.20954ACD8F088B48C5EF0740F112254D.e.136")>[0m
[32m2024-07-26 22:10:49 - Python RPA Challenge -> Tasks - tasks_local_test.py - [32mINFO    : [32mInitial search done[0m
[32m2024-07-26 22:10:49 - Python RPA Challenge -> Tasks - tasks_local_test.py - [32mINFO    : [32mStarting fine searching[0m
[37m2024-07-26 22:10:49 - Python RPA Challenge -> Scraping - webdrv_util.py - [37mDEBUG   : [37mTrying to find div[class='search-results-module-no-results'][0m
[37m2024-07-26 22:10:49 - Python RPA Challenge -> Scraping - webdrv_util.py - [37mDEBUG   : [37mWaiting for find_css div[class='search-results-module-no-results'][0m
2024-07-26 22:10:55 - Python RPA Challenge -> Scraping - webdrv_util.py - CRITICAL: Exception occurred: Message: 
[0m
[37m2024-07-26 22:10:55 - Python RPA Challenge -> Scraping - webdrv_util.py - [37mDEBUG   : [37mTrying to find span[class='see-all-text'][0m
[37m2024-07-26 22:10:55 - Python RPA Challenge -> Scraping - webdrv_util.py - [37mDEBUG   : [37mWaiting for find_css span[class='see-all-text'][0m
[32m2024-07-26 22:10:55 - Python RPA Challenge -> Scraping - webdrv_util.py - [32mINFO    : [32mFound find_css span[class='see-all-text'][0m
[37m2024-07-26 22:10:55 - Python RPA Challenge -> Scraping - webdrv_util.py - [37mDEBUG   : [37mFound element: <selenium.webdriver.remote.webelement.WebElement (session="d41e68df707f29f22e7a1050ca796df9", element="f.BA4EE02285B3B38989E1F4BD75A11002.d.5E02F18B6C276522F968A706524D2659.e.159")>[0m
[37m2024-07-26 22:10:55 - Python RPA Challenge -> Scraping - webdrv_util.py - [37mDEBUG   : [37mWaiting for Trying to click[0m
[32m2024-07-26 22:10:55 - Python RPA Challenge -> Scraping - webdrv_util.py - [32mINFO    : [32mFound Trying to click[0m
[32m2024-07-26 22:10:56 - Python RPA Challenge -> Scraping - webdrv_util.py - [32mINFO    : [32mModal closed.[0m
[37m2024-07-26 22:10:59 - Python RPA Challenge -> Scraping - webdrv_util.py - [37mDEBUG   : [37mTrying to find [0m
[37m2024-07-26 22:10:59 - Python RPA Challenge -> Scraping - webdrv_util.py - [37mDEBUG   : [37mFound element: <selenium.webdriver.remote.webelement.WebElement (session="d41e68df707f29f22e7a1050ca796df9", element="f.BA4EE02285B3B38989E1F4BD75A11002.d.5E02F18B6C276522F968A706524D2659.e.223")>[0m
[32m2024-07-26 22:10:59 - Python RPA Challenge -> Scraping - webdrv_util.py - [32mINFO    : [32mElement 'World Now' was clicked.[0m
[32m2024-07-26 22:10:59 - Python RPA Challenge -> Tasks - tasks_local_test.py - [32mINFO    : [32mFine searching done[0m
[32m2024-07-26 22:10:59 - Python RPA Challenge -> Tasks - tasks_local_test.py - [32mINFO    : [32mStarting to collect articles[0m
[32m2024-07-26 22:10:59 - Python RPA Challenge -> Tasks - tasks_local_test.py - [32mINFO    : [32m15 results will be collected[0m
[32m2024-07-26 22:10:59 - Python RPA Challenge -> Scraping - methods.py - [32mINFO    : [32mSearch results found[0m
[37m2024-07-26 22:10:59 - Python RPA Challenge -> Scraping - webdrv_util.py - [37mDEBUG   : [37mTrying to find div[class='search-results-module-results-header'][0m
[37m2024-07-26 22:10:59 - Python RPA Challenge -> Scraping - webdrv_util.py - [37mDEBUG   : [37mWaiting for find_css div[class='search-results-module-results-header'][0m
[32m2024-07-26 22:10:59 - Python RPA Challenge -> Scraping - webdrv_util.py - [32mINFO    : [32mFound find_css div[class='search-results-module-results-header'][0m
[37m2024-07-26 22:10:59 - Python RPA Challenge -> Scraping - webdrv_util.py - [37mDEBUG   : [37mFound element: <selenium.webdriver.remote.webelement.WebElement (session="d41e68df707f29f22e7a1050ca796df9", element="f.BA4EE02285B3B38989E1F4BD75A11002.d.5E02F18B6C276522F968A706524D2659.e.283")>[0m
[32m2024-07-26 22:10:59 - Python RPA Challenge -> Scraping - methods.py - [32mINFO    : [32mSearch results found[0m
[32m2024-07-26 22:11:00 - Python RPA Challenge -> Scraping - webdrv_util.py - [32mINFO    : [32mModal closed.[0m
[32m2024-07-26 22:11:06 - Python RPA Challenge -> Scraping - methods.py - [32mINFO    : [32mCreating an article object: 1[0m
[37m2024-07-26 22:11:06 - Python RPA Challenge -> Scraping - webdrv_util.py - [37mDEBUG   : [37mTrying to find: img[src*=".jpg"][0m
[37m2024-07-26 22:11:11 - Python RPA Challenge -> Scraping - webdrv_util.py - [37mDEBUG   : [37mNot Found: img[src*=".jpg"][0m
[32m2024-07-26 22:11:11 - Python RPA Challenge -> Scraping - methods.py - [32mINFO    : [32mArticle information found.[0m
[31m2024-07-26 22:11:12 - Python RPA Challenge -> Scraping - webdrv_util.py - [31mERROR   : [31mPattern not found in the provided string.[0m
[32m2024-07-26 22:11:12 - Python RPA Challenge -> Scraping - methods.py - [32mINFO    : [32mTitle: LA Times Today: How Joe Biden’s tenacity became his Achilles’ heel -- Date: 2024-07-23 00:00:00[0m
[32m2024-07-26 22:11:12 - Python RPA Challenge -> Scraping - methods.py - [32mINFO    : [32mCreating an article object: 2[0m
[37m2024-07-26 22:11:12 - Python RPA Challenge -> Scraping - webdrv_util.py - [37mDEBUG   : [37mTrying to find: img[src*=".jpg"][0m
[32m2024-07-26 22:11:12 - Python RPA Challenge -> Scraping - methods.py - [32mINFO    : [32mPicture found: https://ca-times.brightspotcdn.com/dims4/default/b687686/2147483647/strip/true/crop/6000x4000+0+0/resize/840x560!/quality/75/?url=https%3A%2F%2Fcalifornia-times-brightspot.s3.amazonaws.com%2Fe8%2F07%2F2783dd9d407bbc7a2b15e2543186%2Felection-2024-harris-57003.jpg[0m
[32m2024-07-26 22:11:12 - Python RPA Challenge -> Scraping - methods.py - [32mINFO    : [32mArticle information found.[0m
[31m2024-07-26 22:11:12 - Python RPA Challenge -> Scraping - webdrv_util.py - [31mERROR   : [31mPattern not found in the provided string.[0m
[32m2024-07-26 22:11:12 - Python RPA Challenge -> Scraping - methods.py - [32mINFO    : [32mTitle: Letters to the Editor: No, Republicans, replacing Biden with Harris is nothing like the Jan. 6 mob -- Date: 2024-07-25 00:00:00[0m
[32m2024-07-26 22:11:12 - Python RPA Challenge -> Scraping - methods.py - [32mINFO    : [32mCreating an article object: 3[0m
[37m2024-07-26 22:11:12 - Python RPA Challenge -> Scraping - webdrv_util.py - [37mDEBUG   : [37mTrying to find: img[src*=".jpg"][0m
[32m2024-07-26 22:11:13 - Python RPA Challenge -> Scraping - methods.py - [32mINFO    : [32mPicture found: https://ca-times.brightspotcdn.com/dims4/default/8c83eaa/2147483647/strip/true/crop/2771x1847+0+0/resize/840x560!/quality/75/?url=https%3A%2F%2Fcalifornia-times-brightspot.s3.amazonaws.com%2F50%2F36%2Fca53547249578b689bc24775030d%2Fbiden-96871.jpg[0m
[32m2024-07-26 22:11:13 - Python RPA Challenge -> Scraping - methods.py - [32mINFO    : [32mArticle information found.[0m
[31m2024-07-26 22:11:13 - Python RPA Challenge -> Scraping - webdrv_util.py - [31mERROR   : [31mPattern not found in the provided string.[0m
[32m2024-07-26 22:11:13 - Python RPA Challenge -> Scraping - methods.py - [32mINFO    : [32mTitle: What President Biden’s decision means for Gov. Newsom -- Date: 2024-07-23 00:00:00[0m
[32m2024-07-26 22:11:13 - Python RPA Challenge -> Scraping - methods.py - [32mINFO    : [32mCreating an article object: 4[0m
[37m2024-07-26 22:11:13 - Python RPA Challenge -> Scraping - webdrv_util.py - [37mDEBUG   : [37mTrying to find: img[src*=".jpg"][0m
[32m2024-07-26 22:11:14 - Python RPA Challenge -> Scraping - methods.py - [32mINFO    : [32mPicture found: https://ca-times.brightspotcdn.com/dims4/default/2a23090/2147483647/strip/true/crop/5000x3333+0+0/resize/840x560!/quality/75/?url=https%3A%2F%2Fcalifornia-times-brightspot.s3.amazonaws.com%2Fcd%2F57%2Fa1820cd649bcba486a835d461be7%2Felection-2024-trump-55951.jpg[0m
[32m2024-07-26 22:11:14 - Python RPA Challenge -> Scraping - methods.py - [32mINFO    : [32mArticle information found.[0m
[31m2024-07-26 22:11:14 - Python RPA Challenge -> Scraping - webdrv_util.py - [31mERROR   : [31mPattern not found in the provided string.[0m
[32m2024-07-26 22:11:14 - Python RPA Challenge -> Scraping - methods.py - [32mINFO    : [32mTitle: Harris, Trump take fresh aim at each other as presidential race enters post-Biden phase -- Date: 2024-07-25 00:00:00[0m
[32m2024-07-26 22:11:14 - Python RPA Challenge -> Scraping - methods.py - [32mINFO    : [32mCreating an article object: 5[0m
[37m2024-07-26 22:11:14 - Python RPA Challenge -> Scraping - webdrv_util.py - [37mDEBUG   : [37mTrying to find: img[src*=".jpg"][0m
[37m2024-07-26 22:11:20 - Python RPA Challenge -> Scraping - webdrv_util.py - [37mDEBUG   : [37mNot Found: img[src*=".jpg"][0m
[32m2024-07-26 22:11:20 - Python RPA Challenge -> Scraping - methods.py - [32mINFO    : [32mArticle information found.[0m
[31m2024-07-26 22:11:20 - Python RPA Challenge -> Scraping - webdrv_util.py - [31mERROR   : [31mPattern not found in the provided string.[0m
[32m2024-07-26 22:11:20 - Python RPA Challenge -> Scraping - methods.py - [32mINFO    : [32mTitle: LA Times Today: Public deference, private power: How Nancy Pelosi navigated the Biden withdrawal -- Date: 2024-07-25 00:00:00[0m
[32m2024-07-26 22:11:20 - Python RPA Challenge -> Scraping - methods.py - [32mINFO    : [32mCreating an article object: 6[0m
[37m2024-07-26 22:11:20 - Python RPA Challenge -> Scraping - webdrv_util.py - [37mDEBUG   : [37mTrying to find: img[src*=".jpg"][0m
[32m2024-07-26 22:11:20 - Python RPA Challenge -> Scraping - methods.py - [32mINFO    : [32mPicture found: https://ca-times.brightspotcdn.com/dims4/default/7af501d/2147483647/strip/true/crop/8408x5605+0+0/resize/840x560!/quality/75/?url=https%3A%2F%2Fcalifornia-times-brightspot.s3.amazonaws.com%2F57%2Ffc%2Fc33a3f4b45d892340c24cafc62d3%2Fbiden-election-2024-trump-04290.jpg[0m
[32m2024-07-26 22:11:20 - Python RPA Challenge -> Scraping - methods.py - [32mINFO    : [32mArticle information found.[0m
[31m2024-07-26 22:11:20 - Python RPA Challenge -> Scraping - webdrv_util.py - [31mERROR   : [31mPattern not found in the provided string.[0m
[32m2024-07-26 22:11:20 - Python RPA Challenge -> Scraping - methods.py - [32mINFO    : [32mTitle: Editorial: Biden’s decision not to seek nomination was courageous -- Date: 2024-07-21 00:00:00[0m
[32m2024-07-26 22:11:20 - Python RPA Challenge -> Scraping - methods.py - [32mINFO    : [32mCreating an article object: 7[0m
[37m2024-07-26 22:11:20 - Python RPA Challenge -> Scraping - webdrv_util.py - [37mDEBUG   : [37mTrying to find: img[src*=".jpg"][0m
[32m2024-07-26 22:11:21 - Python RPA Challenge -> Scraping - methods.py - [32mINFO    : [32mPicture found: https://ca-times.brightspotcdn.com/dims4/default/78c80af/2147483647/strip/true/crop/3803x2535+0+0/resize/840x560!/quality/75/?url=https%3A%2F%2Fcalifornia-times-brightspot.s3.amazonaws.com%2F84%2F3b%2F7a3dfdc747bba6f7a6fabfd6f0b0%2Felection-2024-biden-74144.jpg[0m
[32m2024-07-26 22:11:21 - Python RPA Challenge -> Scraping - methods.py - [32mINFO    : [32mArticle information found.[0m
[31m2024-07-26 22:11:21 - Python RPA Challenge -> Scraping - webdrv_util.py - [31mERROR   : [31mPattern not found in the provided string.[0m
[32m2024-07-26 22:11:21 - Python RPA Challenge -> Scraping - methods.py - [32mINFO    : [32mTitle: Biden’s address to the nation: ‘I revere this office, but I love my country more’ -- Date: 2024-07-24 00:00:00[0m
[32m2024-07-26 22:11:21 - Python RPA Challenge -> Scraping - methods.py - [32mINFO    : [32mCreating an article object: 8[0m
[37m2024-07-26 22:11:21 - Python RPA Challenge -> Scraping - webdrv_util.py - [37mDEBUG   : [37mTrying to find: img[src*=".jpg"][0m
[32m2024-07-26 22:11:22 - Python RPA Challenge -> Scraping - methods.py - [32mINFO    : [32mPicture found: https://ca-times.brightspotcdn.com/dims4/default/092e3e1/2147483647/strip/true/crop/1194x796+49+0/resize/840x560!/quality/75/?url=https%3A%2F%2Fcalifornia-times-brightspot.s3.amazonaws.com%2Ffe%2F05%2F6bad193f4fb4bb33e442046f77c1%2Fla-me-doug-emhoff-second-gentleman.jpg[0m
[32m2024-07-26 22:11:22 - Python RPA Challenge -> Scraping - methods.py - [32mINFO    : [32mArticle information found.[0m
[31m2024-07-26 22:11:22 - Python RPA Challenge -> Scraping - webdrv_util.py - [31mERROR   : [31mPattern not found in the provided string.[0m
[32m2024-07-26 22:11:22 - Python RPA Challenge -> Scraping - methods.py - [32mINFO    : [32mTitle: How did Doug Emhoff hear Biden was out? After taking a SoulCycle class in WeHo -- Date: 2024-07-25 00:00:00[0m
[32m2024-07-26 22:11:22 - Python RPA Challenge -> Scraping - methods.py - [32mINFO    : [32mCreating an article object: 9[0m
[37m2024-07-26 22:11:22 - Python RPA Challenge -> Scraping - webdrv_util.py - [37mDEBUG   : [37mTrying to find: img[src*=".jpg"][0m
[32m2024-07-26 22:11:23 - Python RPA Challenge -> Scraping - methods.py - [32mINFO    : [32mPicture found: https://ca-times.brightspotcdn.com/dims4/default/c0f3b0d/2147483647/strip/true/crop/4000x2667+0+1/resize/840x560!/quality/75/?url=https%3A%2F%2Fcalifornia-times-brightspot.s3.amazonaws.com%2F50%2F18%2F5508113f417ab7bc74d71843ac79%2Fgettyimages-1240865917.jpg[0m
[32m2024-07-26 22:11:23 - Python RPA Challenge -> Scraping - methods.py - [32mINFO    : [32mArticle information found.[0m
[31m2024-07-26 22:11:23 - Python RPA Challenge -> Scraping - webdrv_util.py - [31mERROR   : [31mPattern not found in the provided string.[0m
[32m2024-07-26 22:11:23 - Python RPA Challenge -> Scraping - methods.py - [32mINFO    : [32mTitle: From Let’s Go Brandon to Let’s Go Brenda. Trump merch sellers say they’ll be just fine after Biden exit -- Date: 2024-07-26 00:00:00[0m
[32m2024-07-26 22:11:23 - Python RPA Challenge -> Scraping - methods.py - [32mINFO    : [32mCreating an article object: 10[0m
[37m2024-07-26 22:11:23 - Python RPA Challenge -> Scraping - webdrv_util.py - [37mDEBUG   : [37mTrying to find: img[src*=".jpg"][0m
[32m2024-07-26 22:11:23 - Python RPA Challenge -> Scraping - methods.py - [32mINFO    : [32mPicture found: https://ca-times.brightspotcdn.com/dims4/default/1df1e8c/2147483647/strip/true/crop/4000x2667+0+4/resize/840x560!/quality/75/?url=https%3A%2F%2Fcalifornia-times-brightspot.s3.amazonaws.com%2F4f%2F46%2F6f8f0391462a850555993cc329e1%2Fhttps-delivery.gettyimages.com%2Fdownloads%2F1228795876.jpg[0m
[32m2024-07-26 22:11:23 - Python RPA Challenge -> Scraping - methods.py - [32mINFO    : [32mArticle information found.[0m
[31m2024-07-26 22:11:23 - Python RPA Challenge -> Scraping - webdrv_util.py - [31mERROR   : [31mPattern not found in the provided string.[0m
[32m2024-07-26 22:11:23 - Python RPA Challenge -> Scraping - methods.py - [32mINFO    : [32mTitle: Column: 5 reasons Biden made the right move -- Date: 2024-07-21 00:00:00[0m
[37m2024-07-26 22:11:23 - Python RPA Challenge -> Scraping - webdrv_util.py - [37mDEBUG   : [37mTrying to find div[class="search-results-module-next-page"][0m
[37m2024-07-26 22:11:23 - Python RPA Challenge -> Scraping - webdrv_util.py - [37mDEBUG   : [37mWaiting for find_css div[class="search-results-module-next-page"][0m
[32m2024-07-26 22:11:23 - Python RPA Challenge -> Scraping - webdrv_util.py - [32mINFO    : [32mFound find_css div[class="search-results-module-next-page"][0m
[37m2024-07-26 22:11:23 - Python RPA Challenge -> Scraping - webdrv_util.py - [37mDEBUG   : [37mFound element: <selenium.webdriver.remote.webelement.WebElement (session="d41e68df707f29f22e7a1050ca796df9", element="f.BA4EE02285B3B38989E1F4BD75A11002.d.5E02F18B6C276522F968A706524D2659.e.343")>[0m
[37m2024-07-26 22:11:23 - Python RPA Challenge -> Scraping - webdrv_util.py - [37mDEBUG   : [37mWaiting for Trying to click[0m
[32m2024-07-26 22:11:23 - Python RPA Challenge -> Scraping - webdrv_util.py - [32mINFO    : [32mFound Trying to click[0m
[32m2024-07-26 22:11:25 - Python RPA Challenge -> Scraping - methods.py - [32mINFO    : [32mSearch results found[0m
[37m2024-07-26 22:11:25 - Python RPA Challenge -> Scraping - webdrv_util.py - [37mDEBUG   : [37mTrying to find div[class='search-results-module-results-header'][0m
[37m2024-07-26 22:11:25 - Python RPA Challenge -> Scraping - webdrv_util.py - [37mDEBUG   : [37mWaiting for find_css div[class='search-results-module-results-header'][0m
[32m2024-07-26 22:11:25 - Python RPA Challenge -> Scraping - webdrv_util.py - [32mINFO    : [32mFound find_css div[class='search-results-module-results-header'][0m
[37m2024-07-26 22:11:25 - Python RPA Challenge -> Scraping - webdrv_util.py - [37mDEBUG   : [37mFound element: <selenium.webdriver.remote.webelement.WebElement (session="d41e68df707f29f22e7a1050ca796df9", element="f.BA4EE02285B3B38989E1F4BD75A11002.d.905F4FE7C2F0A1A0F9A0B7631A4C1AC8.e.357")>[0m
[32m2024-07-26 22:11:25 - Python RPA Challenge -> Scraping - methods.py - [32mINFO    : [32mSearch results found[0m
[32m2024-07-26 22:11:26 - Python RPA Challenge -> Scraping - webdrv_util.py - [32mINFO    : [32mModal closed.[0m
[32m2024-07-26 22:11:26 - Python RPA Challenge -> Scraping - methods.py - [32mINFO    : [32mCreating an article object: 11[0m
[37m2024-07-26 22:11:26 - Python RPA Challenge -> Scraping - webdrv_util.py - [37mDEBUG   : [37mTrying to find: img[src*=".jpg"][0m
[37m2024-07-26 22:11:32 - Python RPA Challenge -> Scraping - webdrv_util.py - [37mDEBUG   : [37mNot Found: img[src*=".jpg"][0m
[32m2024-07-26 22:11:32 - Python RPA Challenge -> Scraping - methods.py - [32mINFO    : [32mArticle information found.[0m
[31m2024-07-26 22:11:32 - Python RPA Challenge -> Scraping - webdrv_util.py - [31mERROR   : [31mPattern not found in the provided string.[0m
[32m2024-07-26 22:11:32 - Python RPA Challenge -> Scraping - methods.py - [32mINFO    : [32mTitle: LA Times Today: California Republicans react to Biden stepping down -- Date: 2024-07-23 00:00:00[0m
[32m2024-07-26 22:11:32 - Python RPA Challenge -> Scraping - methods.py - [32mINFO    : [32mCreating an article object: 12[0m
[37m2024-07-26 22:11:32 - Python RPA Challenge -> Scraping - webdrv_util.py - [37mDEBUG   : [37mTrying to find: img[src*=".jpg"][0m
[32m2024-07-26 22:11:33 - Python RPA Challenge -> Scraping - methods.py - [32mINFO    : [32mPicture found: https://ca-times.brightspotcdn.com/dims4/default/b6caa20/2147483647/strip/true/crop/5886x3924+0+0/resize/840x560!/quality/75/?url=https%3A%2F%2Fcalifornia-times-brightspot.s3.amazonaws.com%2Ff8%2F20%2Fb71838374c5287bd895d3385e2e2%2Felection-2024-ballot-challenges-34291.jpg[0m
[32m2024-07-26 22:11:33 - Python RPA Challenge -> Scraping - methods.py - [32mINFO    : [32mArticle information found.[0m
[31m2024-07-26 22:11:33 - Python RPA Challenge -> Scraping - webdrv_util.py - [31mERROR   : [31mPattern not found in the provided string.[0m
[32m2024-07-26 22:11:33 - Python RPA Challenge -> Scraping - methods.py - [32mINFO    : [32mTitle: Goldberg: Is replacing President Biden as his party’s nominee an attack on democracy? Hardly -- Date: 2024-07-23 00:00:00[0m
[32m2024-07-26 22:11:33 - Python RPA Challenge -> Scraping - methods.py - [32mINFO    : [32mCreating an article object: 13[0m
[37m2024-07-26 22:11:33 - Python RPA Challenge -> Scraping - webdrv_util.py - [37mDEBUG   : [37mTrying to find: img[src*=".jpg"][0m
[32m2024-07-26 22:11:34 - Python RPA Challenge -> Scraping - methods.py - [32mINFO    : [32mPicture found: https://ca-times.brightspotcdn.com/dims4/default/5604fd6/2147483647/strip/true/crop/4547x3031+0+0/resize/840x560!/quality/75/?url=https%3A%2F%2Fcalifornia-times-brightspot.s3.amazonaws.com%2F7d%2Fd9%2F13c5a09c44758d2343c30b71435b%2Felection-2024-north-carolina-democrats-19027.jpg[0m
[32m2024-07-26 22:11:34 - Python RPA Challenge -> Scraping - methods.py - [32mINFO    : [32mArticle information found.[0m
[31m2024-07-26 22:11:34 - Python RPA Challenge -> Scraping - webdrv_util.py - [31mERROR   : [31mPattern not found in the provided string.[0m
[32m2024-07-26 22:11:34 - Python RPA Challenge -> Scraping - methods.py - [32mINFO    : [32mTitle: Public deference, private power: How Nancy Pelosi navigated the Biden withdrawal -- Date: 2024-07-23 00:00:00[0m
[32m2024-07-26 22:11:34 - Python RPA Challenge -> Scraping - methods.py - [32mINFO    : [32mCreating an article object: 14[0m
[37m2024-07-26 22:11:34 - Python RPA Challenge -> Scraping - webdrv_util.py - [37mDEBUG   : [37mTrying to find: img[src*=".jpg"][0m
[32m2024-07-26 22:11:34 - Python RPA Challenge -> Scraping - methods.py - [32mINFO    : [32mPicture found: https://ca-times.brightspotcdn.com/dims4/default/129b0e5/2147483647/strip/true/crop/4893x3262+2+0/resize/840x560!/quality/75/?url=https%3A%2F%2Fcalifornia-times-brightspot.s3.amazonaws.com%2F94%2Fb0%2F8f4535bf4a58b449e469c5881a94%2Felection-2024-democrats-76278.jpg[0m
[32m2024-07-26 22:11:34 - Python RPA Challenge -> Scraping - methods.py - [32mINFO    : [32mArticle information found.[0m
[31m2024-07-26 22:11:34 - Python RPA Challenge -> Scraping - webdrv_util.py - [31mERROR   : [31mPattern not found in the provided string.[0m
[32m2024-07-26 22:11:34 - Python RPA Challenge -> Scraping - methods.py - [32mINFO    : [32mTitle: Opinion: Bouncing Biden for Harris is a bad look for Democrats and a betrayal of voters -- Date: 2024-07-22 00:00:00[0m
[32m2024-07-26 22:11:34 - Python RPA Challenge -> Scraping - methods.py - [32mINFO    : [32mCreating an article object: 15[0m
[37m2024-07-26 22:11:34 - Python RPA Challenge -> Scraping - webdrv_util.py - [37mDEBUG   : [37mTrying to find: img[src*=".jpg"][0m
[32m2024-07-26 22:11:35 - Python RPA Challenge -> Scraping - methods.py - [32mINFO    : [32mPicture found: https://ca-times.brightspotcdn.com/dims4/default/cdd0f41/2147483647/strip/true/crop/4860x3240+0+0/resize/840x560!/quality/75/?url=https%3A%2F%2Fcalifornia-times-brightspot.s3.amazonaws.com%2F0a%2F89%2F0fbf98c2458c9e4df563d0c348af%2Felection-2024-biden-drops-out-83185.jpg[0m
[32m2024-07-26 22:11:35 - Python RPA Challenge -> Scraping - methods.py - [32mINFO    : [32mArticle information found.[0m
[31m2024-07-26 22:11:35 - Python RPA Challenge -> Scraping - webdrv_util.py - [31mERROR   : [31mPattern not found in the provided string.[0m
[32m2024-07-26 22:11:35 - Python RPA Challenge -> Scraping - methods.py - [32mINFO    : [32mTitle: Column: How Joe Biden’s tenacity became his Achilles’ heel -- Date: 2024-07-22 00:00:00[0m
[37m2024-07-26 22:11:35 - Python RPA Challenge -> Scraping - webdrv_util.py - [37mDEBUG   : [37mTrying to find div[class="search-results-module-next-page"][0m
[37m2024-07-26 22:11:35 - Python RPA Challenge -> Scraping - webdrv_util.py - [37mDEBUG   : [37mWaiting for find_css div[class="search-results-module-next-page"][0m
[32m2024-07-26 22:11:35 - Python RPA Challenge -> Scraping - webdrv_util.py - [32mINFO    : [32mFound find_css div[class="search-results-module-next-page"][0m
[37m2024-07-26 22:11:35 - Python RPA Challenge -> Scraping - webdrv_util.py - [37mDEBUG   : [37mFound element: <selenium.webdriver.remote.webelement.WebElement (session="d41e68df707f29f22e7a1050ca796df9", element="f.BA4EE02285B3B38989E1F4BD75A11002.d.905F4FE7C2F0A1A0F9A0B7631A4C1AC8.e.398")>[0m
[37m2024-07-26 22:11:35 - Python RPA Challenge -> Scraping - webdrv_util.py - [37mDEBUG   : [37mWaiting for Trying to click[0m
[32m2024-07-26 22:11:35 - Python RPA Challenge -> Scraping - webdrv_util.py - [32mINFO    : [32mFound Trying to click[0m
[32m2024-07-26 22:11:38 - Python RPA Challenge -> Tasks - tasks_local_test.py - [32mINFO    : [32mPreparing articles to save[0m
[32m2024-07-26 22:11:38 - Python RPA Challenge -> Scraping - methods.py - [32mINFO    : [32mArticle created: {'title': 'LA Times Today: How Joe Biden’s tenacity became his Achilles’ heel', 'date': '2024-07-23T00:00:00', 'description': 'Watch L.A.', 'picture_filename': '', 'picture_local_path': '', 'title_count_phrase': 1, 'description_count_phrase': 0, 'find_money_title_description': False}[0m
[32m2024-07-26 22:11:38 - Python RPA Challenge -> Scraping - methods.py - [32mINFO    : [32mDownloading image: https://ca-times.brightspotcdn.com/dims4/default/b687686/2147483647/strip/true/crop/6000x4000+0+0/resize/840x560!/quality/75/?url=https%3A%2F%2Fcalifornia-times-brightspot.s3.amazonaws.com%2Fe8%2F07%2F2783dd9d407bbc7a2b15e2543186%2Felection-2024-harris-57003.jpg[0m
[32m2024-07-26 22:11:39 - Python RPA Challenge -> Scraping - methods.py - [32mINFO    : [32mArticle created: {'title': 'Letters to the Editor: No, Republicans, replacing Biden with Harris is nothing like the Jan. 6 mob', 'date': '2024-07-25T00:00:00', 'description': 'Does swapping Biden for Harris after the primaries show the Democrats are a bunch of hypocrites about Jan. 6 and democracy?', 'picture_filename': 'https://ca-times.brightspotcdn.com/dims4/default/b687686/2147483647/strip/true/crop/6000x4000+0+0/resize/840x560!/quality/75/?url=https%3A%2F%2Fcalifornia-times-brightspot.s3.amazonaws.com%2Fe8%2F07%2F2783dd9d407bbc7a2b15e2543186%2Felection-2024-harris-57003.jpg', 'picture_local_path': 'c:\\Users\\tiago\\OneDrive\\Documentos\\Challenge\\AmazingDevsChallenge\\challenge\\output\\downloads\\Letters to the Edito.jpg', 'title_count_phrase': 1, 'description_count_phrase': 1, 'find_money_title_description': False}[0m
[32m2024-07-26 22:11:39 - Python RPA Challenge -> Scraping - methods.py - [32mINFO    : [32mDownloading image: https://ca-times.brightspotcdn.com/dims4/default/8c83eaa/2147483647/strip/true/crop/2771x1847+0+0/resize/840x560!/quality/75/?url=https%3A%2F%2Fcalifornia-times-brightspot.s3.amazonaws.com%2F50%2F36%2Fca53547249578b689bc24775030d%2Fbiden-96871.jpg[0m
[32m2024-07-26 22:11:40 - Python RPA Challenge -> Scraping - methods.py - [32mINFO    : [32mArticle created: {'title': 'What President Biden’s decision means for Gov. Newsom', 'date': '2024-07-23T00:00:00', 'description': 'President Biden’s decision to step down from the 2024 presidential contest and endorse Vice President Kamala Harris as the Democratic nominee raises questions about California Gov. Gavin Newsom’s political future.', 'picture_filename': 'https://ca-times.brightspotcdn.com/dims4/default/8c83eaa/2147483647/strip/true/crop/2771x1847+0+0/resize/840x560!/quality/75/?url=https%3A%2F%2Fcalifornia-times-brightspot.s3.amazonaws.com%2F50%2F36%2Fca53547249578b689bc24775030d%2Fbiden-96871.jpg', 'picture_local_path': 'c:\\Users\\tiago\\OneDrive\\Documentos\\Challenge\\AmazingDevsChallenge\\challenge\\output\\downloads\\What President Biden.jpg', 'title_count_phrase': 1, 'description_count_phrase': 1, 'find_money_title_description': False}[0m
[32m2024-07-26 22:11:40 - Python RPA Challenge -> Scraping - methods.py - [32mINFO    : [32mDownloading image: https://ca-times.brightspotcdn.com/dims4/default/2a23090/2147483647/strip/true/crop/5000x3333+0+0/resize/840x560!/quality/75/?url=https%3A%2F%2Fcalifornia-times-brightspot.s3.amazonaws.com%2Fcd%2F57%2Fa1820cd649bcba486a835d461be7%2Felection-2024-trump-55951.jpg[0m
[32m2024-07-26 22:11:41 - Python RPA Challenge -> Scraping - methods.py - [32mINFO    : [32mArticle created: {'title': 'Harris, Trump take fresh aim at each other as presidential race enters post-Biden phase', 'date': '2024-07-25T00:00:00', 'description': 'Former President Trump called Vice President Kamala Harris a ‘San Francisco radical’ while Harris said the fight to defeat Trump was “a fight for our most fundamental freedoms.”', 'picture_filename': 'https://ca-times.brightspotcdn.com/dims4/default/2a23090/2147483647/strip/true/crop/5000x3333+0+0/resize/840x560!/quality/75/?url=https%3A%2F%2Fcalifornia-times-brightspot.s3.amazonaws.com%2Fcd%2F57%2Fa1820cd649bcba486a835d461be7%2Felection-2024-trump-55951.jpg', 'picture_local_path': 'c:\\Users\\tiago\\OneDrive\\Documentos\\Challenge\\AmazingDevsChallenge\\challenge\\output\\downloads\\Harris, Trump take f.jpg', 'title_count_phrase': 1, 'description_count_phrase': 0, 'find_money_title_description': False}[0m
[32m2024-07-26 22:11:41 - Python RPA Challenge -> Scraping - methods.py - [32mINFO    : [32mArticle created: {'title': 'LA Times Today: Public deference, private power: How Nancy Pelosi navigated the Biden withdrawal', 'date': '2024-07-25T00:00:00', 'description': 'Watch L.A.', 'picture_filename': '', 'picture_local_path': '', 'title_count_phrase': 1, 'description_count_phrase': 0, 'find_money_title_description': False}[0m
[32m2024-07-26 22:11:41 - Python RPA Challenge -> Scraping - methods.py - [32mINFO    : [32mDownloading image: https://ca-times.brightspotcdn.com/dims4/default/7af501d/2147483647/strip/true/crop/8408x5605+0+0/resize/840x560!/quality/75/?url=https%3A%2F%2Fcalifornia-times-brightspot.s3.amazonaws.com%2F57%2Ffc%2Fc33a3f4b45d892340c24cafc62d3%2Fbiden-election-2024-trump-04290.jpg[0m
[32m2024-07-26 22:11:43 - Python RPA Challenge -> Scraping - methods.py - [32mINFO    : [32mArticle created: {'title': 'Editorial: Biden’s decision not to seek nomination was courageous', 'date': '2024-07-21T00:00:00', 'description': 'With this courageous act, Biden has delivered on his 2020 promise to be a bridge to a younger generation of Democratic leaders. Now it is up to them to act to bring the party back together.', 'picture_filename': 'https://ca-times.brightspotcdn.com/dims4/default/7af501d/2147483647/strip/true/crop/8408x5605+0+0/resize/840x560!/quality/75/?url=https%3A%2F%2Fcalifornia-times-brightspot.s3.amazonaws.com%2F57%2Ffc%2Fc33a3f4b45d892340c24cafc62d3%2Fbiden-election-2024-trump-04290.jpg', 'picture_local_path': 'c:\\Users\\tiago\\OneDrive\\Documentos\\Challenge\\AmazingDevsChallenge\\challenge\\output\\downloads\\Editorial Biden’s de.jpg', 'title_count_phrase': 1, 'description_count_phrase': 1, 'find_money_title_description': False}[0m
[32m2024-07-26 22:11:43 - Python RPA Challenge -> Scraping - methods.py - [32mINFO    : [32mDownloading image: https://ca-times.brightspotcdn.com/dims4/default/78c80af/2147483647/strip/true/crop/3803x2535+0+0/resize/840x560!/quality/75/?url=https%3A%2F%2Fcalifornia-times-brightspot.s3.amazonaws.com%2F84%2F3b%2F7a3dfdc747bba6f7a6fabfd6f0b0%2Felection-2024-biden-74144.jpg[0m
[32m2024-07-26 22:11:45 - Python RPA Challenge -> Scraping - methods.py - [32mINFO    : [32mArticle created: {'title': 'Biden’s address to the nation: ‘I revere this office, but I love my country more’', 'date': '2024-07-24T00:00:00', 'description': 'President Biden, speaking from the Oval Office, said that ‘the best way forward is to pass the torch to a new generation. It’s the best way to unite our nation.’', 'picture_filename': 'https://ca-times.brightspotcdn.com/dims4/default/78c80af/2147483647/strip/true/crop/3803x2535+0+0/resize/840x560!/quality/75/?url=https%3A%2F%2Fcalifornia-times-brightspot.s3.amazonaws.com%2F84%2F3b%2F7a3dfdc747bba6f7a6fabfd6f0b0%2Felection-2024-biden-74144.jpg', 'picture_local_path': 'c:\\Users\\tiago\\OneDrive\\Documentos\\Challenge\\AmazingDevsChallenge\\challenge\\output\\downloads\\Biden’s address to t.jpg', 'title_count_phrase': 1, 'description_count_phrase': 1, 'find_money_title_description': False}[0m
[32m2024-07-26 22:11:45 - Python RPA Challenge -> Scraping - methods.py - [32mINFO    : [32mDownloading image: https://ca-times.brightspotcdn.com/dims4/default/092e3e1/2147483647/strip/true/crop/1194x796+49+0/resize/840x560!/quality/75/?url=https%3A%2F%2Fcalifornia-times-brightspot.s3.amazonaws.com%2Ffe%2F05%2F6bad193f4fb4bb33e442046f77c1%2Fla-me-doug-emhoff-second-gentleman.jpg[0m
[32m2024-07-26 22:11:45 - Python RPA Challenge -> Scraping - methods.py - [32mINFO    : [32mArticle created: {'title': 'How did Doug Emhoff hear Biden was out? After taking a SoulCycle class in WeHo', 'date': '2024-07-25T00:00:00', 'description': 'Emhoff said Biden’s announcement caught him by surprise. He had just finished a SoulCycle class in West Hollywood and didn’t have his phone.', 'picture_filename': 'https://ca-times.brightspotcdn.com/dims4/default/092e3e1/2147483647/strip/true/crop/1194x796+49+0/resize/840x560!/quality/75/?url=https%3A%2F%2Fcalifornia-times-brightspot.s3.amazonaws.com%2Ffe%2F05%2F6bad193f4fb4bb33e442046f77c1%2Fla-me-doug-emhoff-second-gentleman.jpg', 'picture_local_path': 'c:\\Users\\tiago\\OneDrive\\Documentos\\Challenge\\AmazingDevsChallenge\\challenge\\output\\downloads\\How did Doug Emhoff .jpg', 'title_count_phrase': 1, 'description_count_phrase': 1, 'find_money_title_description': False}[0m
[32m2024-07-26 22:11:45 - Python RPA Challenge -> Scraping - methods.py - [32mINFO    : [32mDownloading image: https://ca-times.brightspotcdn.com/dims4/default/c0f3b0d/2147483647/strip/true/crop/4000x2667+0+1/resize/840x560!/quality/75/?url=https%3A%2F%2Fcalifornia-times-brightspot.s3.amazonaws.com%2F50%2F18%2F5508113f417ab7bc74d71843ac79%2Fgettyimages-1240865917.jpg[0m
[32m2024-07-26 22:11:46 - Python RPA Challenge -> Scraping - methods.py - [32mINFO    : [32mArticle created: {'title': 'From Let’s Go Brandon to Let’s Go Brenda. Trump merch sellers say they’ll be just fine after Biden exit', 'date': '2024-07-26T00:00:00', 'description': 'The Trump campaign embraced the anti-Biden slogan Let’s Go Brandon. Is it still effective after Biden dropped out?', 'picture_filename': 'https://ca-times.brightspotcdn.com/dims4/default/c0f3b0d/2147483647/strip/true/crop/4000x2667+0+1/resize/840x560!/quality/75/?url=https%3A%2F%2Fcalifornia-times-brightspot.s3.amazonaws.com%2F50%2F18%2F5508113f417ab7bc74d71843ac79%2Fgettyimages-1240865917.jpg', 'picture_local_path': 'c:\\Users\\tiago\\OneDrive\\Documentos\\Challenge\\AmazingDevsChallenge\\challenge\\output\\downloads\\From Let’s Go Brando.jpg', 'title_count_phrase': 1, 'description_count_phrase': 2, 'find_money_title_description': False}[0m
[32m2024-07-26 22:11:46 - Python RPA Challenge -> Scraping - methods.py - [32mINFO    : [32mDownloading image: https://ca-times.brightspotcdn.com/dims4/default/1df1e8c/2147483647/strip/true/crop/4000x2667+0+4/resize/840x560!/quality/75/?url=https%3A%2F%2Fcalifornia-times-brightspot.s3.amazonaws.com%2F4f%2F46%2F6f8f0391462a850555993cc329e1%2Fhttps-delivery.gettyimages.com%2Fdownloads%2F1228795876.jpg[0m
[32m2024-07-26 22:11:48 - Python RPA Challenge -> Scraping - methods.py - [32mINFO    : [32mArticle created: {'title': 'Column: 5 reasons Biden made the right move', 'date': '2024-07-21T00:00:00', 'description': 'Ending his bid for reelection had to be a wrenching, soul-searching, heartbreaking decision, but I can think of several advantages Biden will enjoy by stepping away.', 'picture_filename': 'https://ca-times.brightspotcdn.com/dims4/default/1df1e8c/2147483647/strip/true/crop/4000x2667+0+4/resize/840x560!/quality/75/?url=https%3A%2F%2Fcalifornia-times-brightspot.s3.amazonaws.com%2F4f%2F46%2F6f8f0391462a850555993cc329e1%2Fhttps-delivery.gettyimages.com%2Fdownloads%2F1228795876.jpg', 'picture_local_path': 'c:\\Users\\tiago\\OneDrive\\Documentos\\Challenge\\AmazingDevsChallenge\\challenge\\output\\downloads\\Column 5 reasons Bid.jpg', 'title_count_phrase': 1, 'description_count_phrase': 1, 'find_money_title_description': False}[0m
[32m2024-07-26 22:11:48 - Python RPA Challenge -> Scraping - methods.py - [32mINFO    : [32mArticle created: {'title': 'LA Times Today: California Republicans react to Biden stepping down', 'date': '2024-07-23T00:00:00', 'description': 'Watch L.A.', 'picture_filename': '', 'picture_local_path': '', 'title_count_phrase': 1, 'description_count_phrase': 0, 'find_money_title_description': False}[0m
[32m2024-07-26 22:11:48 - Python RPA Challenge -> Scraping - methods.py - [32mINFO    : [32mDownloading image: https://ca-times.brightspotcdn.com/dims4/default/b6caa20/2147483647/strip/true/crop/5886x3924+0+0/resize/840x560!/quality/75/?url=https%3A%2F%2Fcalifornia-times-brightspot.s3.amazonaws.com%2Ff8%2F20%2Fb71838374c5287bd895d3385e2e2%2Felection-2024-ballot-challenges-34291.jpg[0m
[32m2024-07-26 22:11:50 - Python RPA Challenge -> Scraping - methods.py - [32mINFO    : [32mArticle created: {'title': 'Goldberg: Is replacing President Biden as his party’s nominee an attack on democracy? Hardly', 'date': '2024-07-23T00:00:00', 'description': 'The idea of nominating Kamala Harris or another candidate despite the primary election results has some accusing Democrats of an antidemocratic coup. They’re wrong.', 'picture_filename': 'https://ca-times.brightspotcdn.com/dims4/default/b6caa20/2147483647/strip/true/crop/5886x3924+0+0/resize/840x560!/quality/75/?url=https%3A%2F%2Fcalifornia-times-brightspot.s3.amazonaws.com%2Ff8%2F20%2Fb71838374c5287bd895d3385e2e2%2Felection-2024-ballot-challenges-34291.jpg', 'picture_local_path': 'c:\\Users\\tiago\\OneDrive\\Documentos\\Challenge\\AmazingDevsChallenge\\challenge\\output\\downloads\\Goldberg Is replacin.jpg', 'title_count_phrase': 1, 'description_count_phrase': 0, 'find_money_title_description': False}[0m
[32m2024-07-26 22:11:50 - Python RPA Challenge -> Scraping - methods.py - [32mINFO    : [32mDownloading image: https://ca-times.brightspotcdn.com/dims4/default/5604fd6/2147483647/strip/true/crop/4547x3031+0+0/resize/840x560!/quality/75/?url=https%3A%2F%2Fcalifornia-times-brightspot.s3.amazonaws.com%2F7d%2Fd9%2F13c5a09c44758d2343c30b71435b%2Felection-2024-north-carolina-democrats-19027.jpg[0m
[32m2024-07-26 22:11:51 - Python RPA Challenge -> Scraping - methods.py - [32mINFO    : [32mArticle created: {'title': 'Public deference, private power: How Nancy Pelosi navigated the Biden withdrawal', 'date': '2024-07-23T00:00:00', 'description': 'Former House Speaker Nancy Pelosi navigated a careful line in her public approach to President Biden’s decision about withdrawing from the race.', 'picture_filename': 'https://ca-times.brightspotcdn.com/dims4/default/5604fd6/2147483647/strip/true/crop/4547x3031+0+0/resize/840x560!/quality/75/?url=https%3A%2F%2Fcalifornia-times-brightspot.s3.amazonaws.com%2F7d%2Fd9%2F13c5a09c44758d2343c30b71435b%2Felection-2024-north-carolina-democrats-19027.jpg', 'picture_local_path': 'c:\\Users\\tiago\\OneDrive\\Documentos\\Challenge\\AmazingDevsChallenge\\challenge\\output\\downloads\\Public deference, pr.jpg', 'title_count_phrase': 1, 'description_count_phrase': 1, 'find_money_title_description': False}[0m
[32m2024-07-26 22:11:51 - Python RPA Challenge -> Scraping - methods.py - [32mINFO    : [32mDownloading image: https://ca-times.brightspotcdn.com/dims4/default/129b0e5/2147483647/strip/true/crop/4893x3262+2+0/resize/840x560!/quality/75/?url=https%3A%2F%2Fcalifornia-times-brightspot.s3.amazonaws.com%2F94%2Fb0%2F8f4535bf4a58b449e469c5881a94%2Felection-2024-democrats-76278.jpg[0m
[32m2024-07-26 22:11:53 - Python RPA Challenge -> Scraping - methods.py - [32mINFO    : [32mArticle created: {'title': 'Opinion: Bouncing Biden for Harris is a bad look for Democrats and a betrayal of voters', 'date': '2024-07-22T00:00:00', 'description': 'What happened to ‘we have to respect the outcome of elections’? I guess it’s not applicable to the Democratic primaries or when Nancy Pelosi says so.', 'picture_filename': 'https://ca-times.brightspotcdn.com/dims4/default/129b0e5/2147483647/strip/true/crop/4893x3262+2+0/resize/840x560!/quality/75/?url=https%3A%2F%2Fcalifornia-times-brightspot.s3.amazonaws.com%2F94%2Fb0%2F8f4535bf4a58b449e469c5881a94%2Felection-2024-democrats-76278.jpg', 'picture_local_path': 'c:\\Users\\tiago\\OneDrive\\Documentos\\Challenge\\AmazingDevsChallenge\\challenge\\output\\downloads\\Opinion Bouncing Bid.jpg', 'title_count_phrase': 1, 'description_count_phrase': 0, 'find_money_title_description': False}[0m
[32m2024-07-26 22:11:53 - Python RPA Challenge -> Scraping - methods.py - [32mINFO    : [32mDownloading image: https://ca-times.brightspotcdn.com/dims4/default/cdd0f41/2147483647/strip/true/crop/4860x3240+0+0/resize/840x560!/quality/75/?url=https%3A%2F%2Fcalifornia-times-brightspot.s3.amazonaws.com%2F0a%2F89%2F0fbf98c2458c9e4df563d0c348af%2Felection-2024-biden-drops-out-83185.jpg[0m
[32m2024-07-26 22:11:54 - Python RPA Challenge -> Scraping - methods.py - [32mINFO    : [32mArticle created: {'title': 'Column: How Joe Biden’s tenacity became his Achilles’ heel', 'date': '2024-07-22T00:00:00', 'description': 'Joe Biden will be remembered as an ambitious, successful president who waited many years to win the White House, then waited too long to leave his last race.', 'picture_filename': 'https://ca-times.brightspotcdn.com/dims4/default/cdd0f41/2147483647/strip/true/crop/4860x3240+0+0/resize/840x560!/quality/75/?url=https%3A%2F%2Fcalifornia-times-brightspot.s3.amazonaws.com%2F0a%2F89%2F0fbf98c2458c9e4df563d0c348af%2Felection-2024-biden-drops-out-83185.jpg', 'picture_local_path': 'c:\\Users\\tiago\\OneDrive\\Documentos\\Challenge\\AmazingDevsChallenge\\challenge\\output\\downloads\\Column How Joe Biden.jpg', 'title_count_phrase': 1, 'description_count_phrase': 1, 'find_money_title_description': False}[0m
[32m2024-07-26 22:11:54 - Python RPA Challenge -> Tasks - tasks_local_test.py - [32mINFO    : [32mSaving articles to Excel[0m
[32m2024-07-26 22:11:54 - Python RPA Challenge -> Scraping - methods.py - [32mINFO    : [32mExcel file created.[0m
[32m2024-07-26 22:11:54 - Python RPA Challenge -> Scraping - methods.py - [32mINFO    : [32mCreating Output...[0m
[32m2024-07-26 22:15:52 - Python RPA Challenge -> Tasks - tasks_local_test.py - [32mINFO    : [32mThe current item from the work item has been retrieved[0m
[32m2024-07-26 22:15:52 - Python RPA Challenge -> Scraping - webdrv_util.py - [32mINFO    : [32mCreating browser object[0m
[32m2024-07-26 22:15:59 - Python RPA Challenge -> Scraping - webdrv_util.py - [32mINFO    : [32mAccessing the site: https://www.latimes.com/[0m
[32m2024-07-26 22:16:03 - Python RPA Challenge -> Scraping - webdrv_util.py - [32mINFO    : [32mMozilla/5.0 (Windows NT 10.0; Win64; x64) AppleWebKit/537.36 (KHTML, like Gecko) HeadlessChrome/127.0.6533.72 Safari/537.36[0m
[32m2024-07-26 22:16:03 - Python RPA Challenge -> Scraping - methods.py - [32mINFO    : [32mStarting Scraper[0m
[37m2024-07-26 22:16:03 - Python RPA Challenge -> Scraping - webdrv_util.py - [37mDEBUG   : [37mTrying to find button[data-element="search-button"][0m
[37m2024-07-26 22:16:03 - Python RPA Challenge -> Scraping - webdrv_util.py - [37mDEBUG   : [37mWaiting for find_css button[data-element="search-button"][0m
[32m2024-07-26 22:16:03 - Python RPA Challenge -> Scraping - webdrv_util.py - [32mINFO    : [32mFound find_css button[data-element="search-button"][0m
[37m2024-07-26 22:16:03 - Python RPA Challenge -> Scraping - webdrv_util.py - [37mDEBUG   : [37mFound element: <selenium.webdriver.remote.webelement.WebElement (session="a1f6bb89165e82598b5728dc417f2cec", element="f.4A0EB57B1F25124395D2406CC3AD4935.d.5D56C58FC0D357E1BE748CD64F607C9D.e.132")>[0m
[37m2024-07-26 22:16:03 - Python RPA Challenge -> Scraping - webdrv_util.py - [37mDEBUG   : [37mWaiting for Trying to click[0m
[32m2024-07-26 22:16:03 - Python RPA Challenge -> Scraping - webdrv_util.py - [32mINFO    : [32mFound Trying to click[0m
[37m2024-07-26 22:16:03 - Python RPA Challenge -> Scraping - webdrv_util.py - [37mDEBUG   : [37mTrying to find input[data-element='search-form-input'][0m
[37m2024-07-26 22:16:03 - Python RPA Challenge -> Scraping - webdrv_util.py - [37mDEBUG   : [37mWaiting for find_css input[data-element='search-form-input'][0m
[32m2024-07-26 22:16:04 - Python RPA Challenge -> Scraping - webdrv_util.py - [32mINFO    : [32mFound find_css input[data-element='search-form-input'][0m
[37m2024-07-26 22:16:04 - Python RPA Challenge -> Scraping - webdrv_util.py - [37mDEBUG   : [37mFound element: <selenium.webdriver.remote.webelement.WebElement (session="a1f6bb89165e82598b5728dc417f2cec", element="f.4A0EB57B1F25124395D2406CC3AD4935.d.5D56C58FC0D357E1BE748CD64F607C9D.e.134")>[0m
[32m2024-07-26 22:16:07 - Python RPA Challenge -> Tasks - tasks_local_test.py - [32mINFO    : [32mInitial search done[0m
[32m2024-07-26 22:16:07 - Python RPA Challenge -> Tasks - tasks_local_test.py - [32mINFO    : [32mStarting fine searching[0m
[37m2024-07-26 22:16:07 - Python RPA Challenge -> Scraping - webdrv_util.py - [37mDEBUG   : [37mTrying to find div[class='search-results-module-no-results'][0m
[37m2024-07-26 22:16:07 - Python RPA Challenge -> Scraping - webdrv_util.py - [37mDEBUG   : [37mWaiting for find_css div[class='search-results-module-no-results'][0m
2024-07-26 22:16:12 - Python RPA Challenge -> Scraping - webdrv_util.py - CRITICAL: Exception occurred: Message: 
[0m
[37m2024-07-26 22:16:12 - Python RPA Challenge -> Scraping - webdrv_util.py - [37mDEBUG   : [37mTrying to find span[class='see-all-text'][0m
[37m2024-07-26 22:16:12 - Python RPA Challenge -> Scraping - webdrv_util.py - [37mDEBUG   : [37mWaiting for find_css span[class='see-all-text'][0m
[32m2024-07-26 22:16:12 - Python RPA Challenge -> Scraping - webdrv_util.py - [32mINFO    : [32mFound find_css span[class='see-all-text'][0m
[37m2024-07-26 22:16:12 - Python RPA Challenge -> Scraping - webdrv_util.py - [37mDEBUG   : [37mFound element: <selenium.webdriver.remote.webelement.WebElement (session="a1f6bb89165e82598b5728dc417f2cec", element="f.4A0EB57B1F25124395D2406CC3AD4935.d.7144D2EC0854D5F4AD24F607143A8EFF.e.174")>[0m
[37m2024-07-26 22:16:12 - Python RPA Challenge -> Scraping - webdrv_util.py - [37mDEBUG   : [37mWaiting for Trying to click[0m
[32m2024-07-26 22:16:12 - Python RPA Challenge -> Scraping - webdrv_util.py - [32mINFO    : [32mFound Trying to click[0m
[32m2024-07-26 22:16:13 - Python RPA Challenge -> Scraping - webdrv_util.py - [32mINFO    : [32mModal closed.[0m
[37m2024-07-26 22:16:16 - Python RPA Challenge -> Scraping - webdrv_util.py - [37mDEBUG   : [37mTrying to find [0m
[37m2024-07-26 22:16:16 - Python RPA Challenge -> Scraping - webdrv_util.py - [37mDEBUG   : [37mFound element: <selenium.webdriver.remote.webelement.WebElement (session="a1f6bb89165e82598b5728dc417f2cec", element="f.4A0EB57B1F25124395D2406CC3AD4935.d.7144D2EC0854D5F4AD24F607143A8EFF.e.229")>[0m
[32m2024-07-26 22:16:16 - Python RPA Challenge -> Scraping - webdrv_util.py - [32mINFO    : [32mElement 'World Now' was clicked.[0m
[32m2024-07-26 22:16:16 - Python RPA Challenge -> Tasks - tasks_local_test.py - [32mINFO    : [32mFine searching done[0m
[32m2024-07-26 22:16:16 - Python RPA Challenge -> Tasks - tasks_local_test.py - [32mINFO    : [32mStarting to collect articles[0m
[32m2024-07-26 22:16:16 - Python RPA Challenge -> Tasks - tasks_local_test.py - [32mINFO    : [32m12 results will be collected[0m
[32m2024-07-26 22:16:16 - Python RPA Challenge -> Scraping - methods.py - [32mINFO    : [32mSearch results found[0m
[37m2024-07-26 22:16:16 - Python RPA Challenge -> Scraping - webdrv_util.py - [37mDEBUG   : [37mTrying to find div[class='search-results-module-results-header'][0m
[37m2024-07-26 22:16:16 - Python RPA Challenge -> Scraping - webdrv_util.py - [37mDEBUG   : [37mWaiting for find_css div[class='search-results-module-results-header'][0m
[32m2024-07-26 22:16:16 - Python RPA Challenge -> Scraping - webdrv_util.py - [32mINFO    : [32mFound find_css div[class='search-results-module-results-header'][0m
[37m2024-07-26 22:16:16 - Python RPA Challenge -> Scraping - webdrv_util.py - [37mDEBUG   : [37mFound element: <selenium.webdriver.remote.webelement.WebElement (session="a1f6bb89165e82598b5728dc417f2cec", element="f.4A0EB57B1F25124395D2406CC3AD4935.d.7144D2EC0854D5F4AD24F607143A8EFF.e.304")>[0m
[32m2024-07-26 22:16:16 - Python RPA Challenge -> Scraping - methods.py - [32mINFO    : [32mSearch results found[0m
[32m2024-07-26 22:16:17 - Python RPA Challenge -> Scraping - webdrv_util.py - [32mINFO    : [32mModal closed.[0m
[32m2024-07-26 22:16:17 - Python RPA Challenge -> Scraping - methods.py - [32mINFO    : [32mCreating an article object: 1[0m
[37m2024-07-26 22:16:17 - Python RPA Challenge -> Scraping - webdrv_util.py - [37mDEBUG   : [37mTrying to find: img[src*=".jpg"][0m
[32m2024-07-26 22:16:18 - Python RPA Challenge -> Scraping - methods.py - [32mINFO    : [32mPicture found: https://ca-times.brightspotcdn.com/dims4/default/2ba5508/2147483647/strip/true/crop/1620x1080+150+0/resize/840x560!/quality/75/?url=https%3A%2F%2Fcalifornia-times-brightspot.s3.amazonaws.com%2F04%2F21%2Ffde2889049c8b82814e78345ef6d%2Fsecurity-0000000.jpg[0m
[32m2024-07-26 22:16:18 - Python RPA Challenge -> Scraping - methods.py - [32mINFO    : [32mArticle information found.[0m
[31m2024-07-26 22:16:18 - Python RPA Challenge -> Scraping - webdrv_util.py - [31mERROR   : [31mPattern not found in the provided string.[0m
[32m2024-07-26 22:16:18 - Python RPA Challenge -> Scraping - methods.py - [32mINFO    : [32mTitle: Security at the Paris Olympics -- Date: 2024-07-26 00:00:00[0m
[32m2024-07-26 22:16:18 - Python RPA Challenge -> Scraping - methods.py - [32mINFO    : [32mCreating an article object: 2[0m
[37m2024-07-26 22:16:18 - Python RPA Challenge -> Scraping - webdrv_util.py - [37mDEBUG   : [37mTrying to find: img[src*=".jpg"][0m
[32m2024-07-26 22:16:18 - Python RPA Challenge -> Scraping - methods.py - [32mINFO    : [32mPicture found: https://ca-times.brightspotcdn.com/dims4/default/f10d23f/2147483647/strip/true/crop/5331x3554+334+205/resize/840x560!/quality/75/?url=https%3A%2F%2Fcalifornia-times-brightspot.s3.amazonaws.com%2Fb8%2Ff1%2Fc1c29b164a0ca7d0f68f268b37b2%2F1468464-la-sp-olympics-opening-ceremony439.jpg[0m
[32m2024-07-26 22:16:18 - Python RPA Challenge -> Scraping - methods.py - [32mINFO    : [32mArticle information found.[0m
[32m2024-07-26 22:16:19 - Python RPA Challenge -> Scraping - methods.py - [32mINFO    : [32mTitle: Photos: Paris is the backdrop for a colorful Olympics opening ceremony -- Date: 2024-07-26 21:39:19.051499[0m
[32m2024-07-26 22:16:19 - Python RPA Challenge -> Scraping - methods.py - [32mINFO    : [32mCreating an article object: 3[0m
[37m2024-07-26 22:16:19 - Python RPA Challenge -> Scraping - webdrv_util.py - [37mDEBUG   : [37mTrying to find: img[src*=".jpg"][0m
[32m2024-07-26 22:16:19 - Python RPA Challenge -> Scraping - methods.py - [32mINFO    : [32mPicture found: https://ca-times.brightspotcdn.com/dims4/default/dd51707/2147483647/strip/true/crop/1620x1080+177+0/resize/840x560!/quality/75/?url=https%3A%2F%2Fcalifornia-times-brightspot.s3.amazonaws.com%2Fee%2F7d%2F91bdaa9949358af76d2286d2b2d8%2F20240726-164506-0000001.jpg[0m
[32m2024-07-26 22:16:19 - Python RPA Challenge -> Scraping - methods.py - [32mINFO    : [32mArticle information found.[0m
[31m2024-07-26 22:16:19 - Python RPA Challenge -> Scraping - webdrv_util.py - [31mERROR   : [31mPattern not found in the provided string.[0m
[32m2024-07-26 22:16:19 - Python RPA Challenge -> Scraping - methods.py - [32mINFO    : [32mTitle: Seine River ahead of Olympics opening ceremony -- Date: 2024-07-26 00:00:00[0m
[32m2024-07-26 22:16:19 - Python RPA Challenge -> Scraping - methods.py - [32mINFO    : [32mCreating an article object: 4[0m
[37m2024-07-26 22:16:19 - Python RPA Challenge -> Scraping - webdrv_util.py - [37mDEBUG   : [37mTrying to find: img[src*=".jpg"][0m
[32m2024-07-26 22:16:20 - Python RPA Challenge -> Scraping - methods.py - [32mINFO    : [32mPicture found: https://ca-times.brightspotcdn.com/dims4/default/aea2bea/2147483647/strip/true/crop/1620x1080+150+0/resize/840x560!/quality/75/?url=https%3A%2F%2Fcalifornia-times-brightspot.s3.amazonaws.com%2Fde%2F13%2Ff7dcc9f2456fa49f2ed547f7e6f9%2Fpress-0000000.jpg[0m
[32m2024-07-26 22:16:20 - Python RPA Challenge -> Scraping - methods.py - [32mINFO    : [32mArticle information found.[0m
[31m2024-07-26 22:16:20 - Python RPA Challenge -> Scraping - webdrv_util.py - [31mERROR   : [31mPattern not found in the provided string.[0m
[32m2024-07-26 22:16:20 - Python RPA Challenge -> Scraping - methods.py - [32mINFO    : [32mTitle: Press area for Paris Olympics opening ceremony -- Date: 2024-07-26 00:00:00[0m
[32m2024-07-26 22:16:20 - Python RPA Challenge -> Scraping - methods.py - [32mINFO    : [32mCreating an article object: 5[0m
[37m2024-07-26 22:16:20 - Python RPA Challenge -> Scraping - webdrv_util.py - [37mDEBUG   : [37mTrying to find: img[src*=".jpg"][0m
[37m2024-07-26 22:16:26 - Python RPA Challenge -> Scraping - webdrv_util.py - [37mDEBUG   : [37mNot Found: img[src*=".jpg"][0m
[32m2024-07-26 22:16:26 - Python RPA Challenge -> Scraping - methods.py - [32mINFO    : [32mArticle information found.[0m
[31m2024-07-26 22:16:26 - Python RPA Challenge -> Scraping - webdrv_util.py - [31mERROR   : [31mPattern not found in the provided string.[0m
[32m2024-07-26 22:16:26 - Python RPA Challenge -> Scraping - methods.py - [32mINFO    : [32mTitle: Paris Olympics TV schedule: Saturday’s listings -- Date: 2024-07-26 00:00:00[0m
[32m2024-07-26 22:16:26 - Python RPA Challenge -> Scraping - methods.py - [32mINFO    : [32mCreating an article object: 6[0m
[37m2024-07-26 22:16:26 - Python RPA Challenge -> Scraping - webdrv_util.py - [37mDEBUG   : [37mTrying to find: img[src*=".jpg"][0m
[32m2024-07-26 22:16:27 - Python RPA Challenge -> Scraping - methods.py - [32mINFO    : [32mPicture found: https://ca-times.brightspotcdn.com/dims4/default/8e6385f/2147483647/strip/true/crop/5891x3927+0+0/resize/840x560!/quality/75/?url=https%3A%2F%2Fcalifornia-times-brightspot.s3.amazonaws.com%2F6b%2F3d%2Fe7565e814d8cb2a9e4c2af2313d9%2F1468462-sp-0725-womens-gymnastics-wjs005.jpg[0m
[32m2024-07-26 22:16:27 - Python RPA Challenge -> Scraping - methods.py - [32mINFO    : [32mArticle information found.[0m
[31m2024-07-26 22:16:27 - Python RPA Challenge -> Scraping - webdrv_util.py - [31mERROR   : [31mPattern not found in the provided string.[0m
[32m2024-07-26 22:16:27 - Python RPA Challenge -> Scraping - methods.py - [32mINFO    : [32mTitle: The Sports Report Olympics edition: Previewing the opening ceremony -- Date: 2024-07-26 00:00:00[0m
[32m2024-07-26 22:16:27 - Python RPA Challenge -> Scraping - methods.py - [32mINFO    : [32mCreating an article object: 7[0m
[37m2024-07-26 22:16:27 - Python RPA Challenge -> Scraping - webdrv_util.py - [37mDEBUG   : [37mTrying to find: img[src*=".jpg"][0m
[32m2024-07-26 22:16:27 - Python RPA Challenge -> Scraping - methods.py - [32mINFO    : [32mPicture found: https://ca-times.brightspotcdn.com/dims4/default/8fe1985/2147483647/strip/true/crop/5567x3711+0+0/resize/840x560!/quality/75/?url=https%3A%2F%2Fcalifornia-times-brightspot.s3.amazonaws.com%2F76%2Fb5%2Fd0c64988424984539a908e48aa98%2F1468464-la-sp-olympics-opening-ceremony431.jpg[0m
[32m2024-07-26 22:16:27 - Python RPA Challenge -> Scraping - methods.py - [32mINFO    : [32mArticle information found.[0m
[32m2024-07-26 22:16:27 - Python RPA Challenge -> Scraping - methods.py - [32mINFO    : [32mTitle: Review: Olympics opening ceremony shined with best of Paris and France, but failed as TV -- Date: 2024-07-26 21:57:27.842192[0m
[32m2024-07-26 22:16:27 - Python RPA Challenge -> Scraping - methods.py - [32mINFO    : [32mCreating an article object: 8[0m
[37m2024-07-26 22:16:27 - Python RPA Challenge -> Scraping - webdrv_util.py - [37mDEBUG   : [37mTrying to find: img[src*=".jpg"][0m
[32m2024-07-26 22:16:28 - Python RPA Challenge -> Scraping - methods.py - [32mINFO    : [32mPicture found: https://ca-times.brightspotcdn.com/dims4/default/e5beb31/2147483647/strip/true/crop/2400x1600+0+397/resize/840x560!/quality/75/?url=https%3A%2F%2Fcalifornia-times-brightspot.s3.amazonaws.com%2F83%2F7c%2F7679884c4c4b874caee97119f4c5%2Fhezly-r.jpg[0m
[32m2024-07-26 22:16:28 - Python RPA Challenge -> Scraping - methods.py - [32mINFO    : [32mArticle information found.[0m
[32m2024-07-26 22:16:28 - Python RPA Challenge -> Scraping - methods.py - [32mINFO    : [32mTitle: Gymnast Hezly Rivera is Team USA’s youngest athlete at the 2024 Olympics -- Date: 2024-07-26 21:16:28.565158[0m
[32m2024-07-26 22:16:28 - Python RPA Challenge -> Scraping - methods.py - [32mINFO    : [32mCreating an article object: 9[0m
[37m2024-07-26 22:16:28 - Python RPA Challenge -> Scraping - webdrv_util.py - [37mDEBUG   : [37mTrying to find: img[src*=".jpg"][0m
[32m2024-07-26 22:16:29 - Python RPA Challenge -> Scraping - methods.py - [32mINFO    : [32mPicture found: https://ca-times.brightspotcdn.com/dims4/default/f10d23f/2147483647/strip/true/crop/5331x3554+334+205/resize/840x560!/quality/75/?url=https%3A%2F%2Fcalifornia-times-brightspot.s3.amazonaws.com%2Fb8%2Ff1%2Fc1c29b164a0ca7d0f68f268b37b2%2F1468464-la-sp-olympics-opening-ceremony439.jpg[0m
[32m2024-07-26 22:16:29 - Python RPA Challenge -> Scraping - methods.py - [32mINFO    : [32mArticle information found.[0m
[32m2024-07-26 22:16:29 - Python RPA Challenge -> Scraping - methods.py - [32mINFO    : [32mTitle: Paris shines through summer storm in spectacular Olympic opening ceremony -- Date: 2024-07-26 20:16:29.283901[0m
[32m2024-07-26 22:16:29 - Python RPA Challenge -> Scraping - methods.py - [32mINFO    : [32mCreating an article object: 10[0m
[37m2024-07-26 22:16:29 - Python RPA Challenge -> Scraping - webdrv_util.py - [37mDEBUG   : [37mTrying to find: img[src*=".jpg"][0m
[32m2024-07-26 22:16:29 - Python RPA Challenge -> Scraping - methods.py - [32mINFO    : [32mPicture found: https://ca-times.brightspotcdn.com/dims4/default/f8e23ea/2147483647/strip/true/crop/5887x3925+0+0/resize/840x560!/quality/75/?url=https%3A%2F%2Fcalifornia-times-brightspot.s3.amazonaws.com%2Fcf%2Fb4%2F47a2d9f846c59947def691459632%2F1468106-sp-0723-la28-olympic-features-wjs004.jpg[0m
[32m2024-07-26 22:16:29 - Python RPA Challenge -> Scraping - methods.py - [32mINFO    : [32mArticle information found.[0m
[31m2024-07-26 22:16:30 - Python RPA Challenge -> Scraping - webdrv_util.py - [31mERROR   : [31mPattern not found in the provided string.[0m
[32m2024-07-26 22:16:30 - Python RPA Challenge -> Scraping - methods.py - [32mINFO    : [32mTitle: Welcome to the The Sports Report: Olympics edition -- Date: 2024-07-24 00:00:00[0m
[37m2024-07-26 22:16:30 - Python RPA Challenge -> Scraping - webdrv_util.py - [37mDEBUG   : [37mTrying to find div[class="search-results-module-next-page"][0m
[37m2024-07-26 22:16:30 - Python RPA Challenge -> Scraping - webdrv_util.py - [37mDEBUG   : [37mWaiting for find_css div[class="search-results-module-next-page"][0m
[32m2024-07-26 22:16:30 - Python RPA Challenge -> Scraping - webdrv_util.py - [32mINFO    : [32mFound find_css div[class="search-results-module-next-page"][0m
[37m2024-07-26 22:16:30 - Python RPA Challenge -> Scraping - webdrv_util.py - [37mDEBUG   : [37mFound element: <selenium.webdriver.remote.webelement.WebElement (session="a1f6bb89165e82598b5728dc417f2cec", element="f.4A0EB57B1F25124395D2406CC3AD4935.d.7144D2EC0854D5F4AD24F607143A8EFF.e.362")>[0m
[37m2024-07-26 22:16:30 - Python RPA Challenge -> Scraping - webdrv_util.py - [37mDEBUG   : [37mWaiting for Trying to click[0m
[32m2024-07-26 22:16:30 - Python RPA Challenge -> Scraping - webdrv_util.py - [32mINFO    : [32mFound Trying to click[0m
[32m2024-07-26 22:16:34 - Python RPA Challenge -> Scraping - methods.py - [32mINFO    : [32mSearch results found[0m
[37m2024-07-26 22:16:34 - Python RPA Challenge -> Scraping - webdrv_util.py - [37mDEBUG   : [37mTrying to find div[class='search-results-module-results-header'][0m
[37m2024-07-26 22:16:34 - Python RPA Challenge -> Scraping - webdrv_util.py - [37mDEBUG   : [37mWaiting for find_css div[class='search-results-module-results-header'][0m
[32m2024-07-26 22:16:34 - Python RPA Challenge -> Scraping - webdrv_util.py - [32mINFO    : [32mFound find_css div[class='search-results-module-results-header'][0m
[37m2024-07-26 22:16:34 - Python RPA Challenge -> Scraping - webdrv_util.py - [37mDEBUG   : [37mFound element: <selenium.webdriver.remote.webelement.WebElement (session="a1f6bb89165e82598b5728dc417f2cec", element="f.4A0EB57B1F25124395D2406CC3AD4935.d.84828CD2AD5790589EF2DEF9A8C18A2E.e.382")>[0m
[32m2024-07-26 22:16:34 - Python RPA Challenge -> Scraping - methods.py - [32mINFO    : [32mSearch results found[0m
[32m2024-07-26 22:16:35 - Python RPA Challenge -> Scraping - webdrv_util.py - [32mINFO    : [32mModal closed.[0m
[32m2024-07-26 22:16:35 - Python RPA Challenge -> Scraping - methods.py - [32mINFO    : [32mCreating an article object: 11[0m
[37m2024-07-26 22:16:35 - Python RPA Challenge -> Scraping - webdrv_util.py - [37mDEBUG   : [37mTrying to find: img[src*=".jpg"][0m
[32m2024-07-26 22:16:35 - Python RPA Challenge -> Scraping - methods.py - [32mINFO    : [32mPicture found: https://ca-times.brightspotcdn.com/dims4/default/75c50a2/2147483647/strip/true/crop/5540x3693+0+0/resize/840x560!/quality/75/?url=https%3A%2F%2Fcalifornia-times-brightspot.s3.amazonaws.com%2F5a%2F05%2Fb15ba1224d57b201dfcb7a127426%2Fparis-gender-parity-explainer-95083.jpg[0m
[32m2024-07-26 22:16:35 - Python RPA Challenge -> Scraping - methods.py - [32mINFO    : [32mArticle information found.[0m
[31m2024-07-26 22:16:35 - Python RPA Challenge -> Scraping - webdrv_util.py - [31mERROR   : [31mPattern not found in the provided string.[0m
[32m2024-07-26 22:16:35 - Python RPA Challenge -> Scraping - methods.py - [32mINFO    : [32mTitle: Can the Paris Summer Olympics give Peacock the streaming boost it needs? -- Date: 2024-07-26 00:00:00[0m
[32m2024-07-26 22:16:35 - Python RPA Challenge -> Scraping - methods.py - [32mINFO    : [32mCreating an article object: 12[0m
[37m2024-07-26 22:16:35 - Python RPA Challenge -> Scraping - webdrv_util.py - [37mDEBUG   : [37mTrying to find: img[src*=".jpg"][0m
[32m2024-07-26 22:16:36 - Python RPA Challenge -> Scraping - methods.py - [32mINFO    : [32mPicture found: https://ca-times.brightspotcdn.com/dims4/default/28e45db/2147483647/strip/true/crop/3162x2108+458+32/resize/840x560!/quality/75/?url=https%3A%2F%2Fcalifornia-times-brightspot.s3.amazonaws.com%2Fc8%2Fa0%2Fe6b66d7a472389fbe50a22445957%2Fwwcup-portugal-us-soccer-14728.jpg[0m
[32m2024-07-26 22:16:36 - Python RPA Challenge -> Scraping - methods.py - [32mINFO    : [32mArticle information found.[0m
[31m2024-07-26 22:16:36 - Python RPA Challenge -> Scraping - webdrv_util.py - [31mERROR   : [31mPattern not found in the provided string.[0m
[32m2024-07-26 22:16:36 - Python RPA Challenge -> Scraping - methods.py - [32mINFO    : [32mTitle: Paris Olympics TV schedule: Thursday’s listings -- Date: 2024-07-24 00:00:00[0m
[37m2024-07-26 22:16:36 - Python RPA Challenge -> Scraping - webdrv_util.py - [37mDEBUG   : [37mTrying to find div[class="search-results-module-next-page"][0m
[37m2024-07-26 22:16:36 - Python RPA Challenge -> Scraping - webdrv_util.py - [37mDEBUG   : [37mWaiting for find_css div[class="search-results-module-next-page"][0m
[32m2024-07-26 22:16:36 - Python RPA Challenge -> Scraping - webdrv_util.py - [32mINFO    : [32mFound find_css div[class="search-results-module-next-page"][0m
[37m2024-07-26 22:16:36 - Python RPA Challenge -> Scraping - webdrv_util.py - [37mDEBUG   : [37mFound element: <selenium.webdriver.remote.webelement.WebElement (session="a1f6bb89165e82598b5728dc417f2cec", element="f.4A0EB57B1F25124395D2406CC3AD4935.d.84828CD2AD5790589EF2DEF9A8C18A2E.e.415")>[0m
[37m2024-07-26 22:16:36 - Python RPA Challenge -> Scraping - webdrv_util.py - [37mDEBUG   : [37mWaiting for Trying to click[0m
[32m2024-07-26 22:16:36 - Python RPA Challenge -> Scraping - webdrv_util.py - [32mINFO    : [32mFound Trying to click[0m
[32m2024-07-26 22:16:39 - Python RPA Challenge -> Tasks - tasks_local_test.py - [32mINFO    : [32mPreparing articles to save[0m
[32m2024-07-26 22:16:39 - Python RPA Challenge -> Scraping - methods.py - [32mINFO    : [32mDownloading image: https://ca-times.brightspotcdn.com/dims4/default/2ba5508/2147483647/strip/true/crop/1620x1080+150+0/resize/840x560!/quality/75/?url=https%3A%2F%2Fcalifornia-times-brightspot.s3.amazonaws.com%2F04%2F21%2Ffde2889049c8b82814e78345ef6d%2Fsecurity-0000000.jpg[0m
[32m2024-07-26 22:16:40 - Python RPA Challenge -> Scraping - methods.py - [32mINFO    : [32mArticle created: {'title': 'Security at the Paris Olympics', 'date': '2024-07-26T00:00:00', 'description': 'There are plenty of police officers on duty ahead of the Olympics opening ceremony on Friday (David Wharton / Los Angeles Times)', 'picture_filename': 'https://ca-times.brightspotcdn.com/dims4/default/2ba5508/2147483647/strip/true/crop/1620x1080+150+0/resize/840x560!/quality/75/?url=https%3A%2F%2Fcalifornia-times-brightspot.s3.amazonaws.com%2F04%2F21%2Ffde2889049c8b82814e78345ef6d%2Fsecurity-0000000.jpg', 'picture_local_path': 'C:\\Users\\tiago\\OneDrive\\Documentos\\Challenge\\AmazingDevsChallenge\\challenge\\output\\downloads\\Security at the Pari.jpg', 'title_count_phrase': 1, 'description_count_phrase': 1, 'find_money_title_description': False}[0m
[32m2024-07-26 22:16:40 - Python RPA Challenge -> Scraping - methods.py - [32mINFO    : [32mDownloading image: https://ca-times.brightspotcdn.com/dims4/default/f10d23f/2147483647/strip/true/crop/5331x3554+334+205/resize/840x560!/quality/75/?url=https%3A%2F%2Fcalifornia-times-brightspot.s3.amazonaws.com%2Fb8%2Ff1%2Fc1c29b164a0ca7d0f68f268b37b2%2F1468464-la-sp-olympics-opening-ceremony439.jpg[0m
[32m2024-07-26 22:16:42 - Python RPA Challenge -> Scraping - methods.py - [32mINFO    : [32mArticle created: {'title': 'Photos: Paris is the backdrop for a colorful Olympics opening ceremony', 'date': '2024-07-26T21:39:19.051499', 'description': 'The ceremony is underway and American audiences can watch live on NBC or Peacock.', 'picture_filename': 'https://ca-times.brightspotcdn.com/dims4/default/f10d23f/2147483647/strip/true/crop/5331x3554+334+205/resize/840x560!/quality/75/?url=https%3A%2F%2Fcalifornia-times-brightspot.s3.amazonaws.com%2Fb8%2Ff1%2Fc1c29b164a0ca7d0f68f268b37b2%2F1468464-la-sp-olympics-opening-ceremony439.jpg', 'picture_local_path': 'C:\\Users\\tiago\\OneDrive\\Documentos\\Challenge\\AmazingDevsChallenge\\challenge\\output\\downloads\\Photos Paris is the .jpg', 'title_count_phrase': 1, 'description_count_phrase': 0, 'find_money_title_description': False}[0m
[32m2024-07-26 22:16:42 - Python RPA Challenge -> Scraping - methods.py - [32mINFO    : [32mDownloading image: https://ca-times.brightspotcdn.com/dims4/default/dd51707/2147483647/strip/true/crop/1620x1080+177+0/resize/840x560!/quality/75/?url=https%3A%2F%2Fcalifornia-times-brightspot.s3.amazonaws.com%2Fee%2F7d%2F91bdaa9949358af76d2286d2b2d8%2F20240726-164506-0000001.jpg[0m
[32m2024-07-26 22:16:43 - Python RPA Challenge -> Scraping - methods.py - [32mINFO    : [32mArticle created: {'title': 'Seine River ahead of Olympics opening ceremony', 'date': '2024-07-26T00:00:00', 'description': 'The Seine River still in a tranquil state roughly 90 minutes before it will be at the center of the Paris Olympics opening ceremony.', 'picture_filename': 'https://ca-times.brightspotcdn.com/dims4/default/dd51707/2147483647/strip/true/crop/1620x1080+177+0/resize/840x560!/quality/75/?url=https%3A%2F%2Fcalifornia-times-brightspot.s3.amazonaws.com%2Fee%2F7d%2F91bdaa9949358af76d2286d2b2d8%2F20240726-164506-0000001.jpg', 'picture_local_path': 'C:\\Users\\tiago\\OneDrive\\Documentos\\Challenge\\AmazingDevsChallenge\\challenge\\output\\downloads\\Seine River ahead of.jpg', 'title_count_phrase': 1, 'description_count_phrase': 1, 'find_money_title_description': False}[0m
[32m2024-07-26 22:16:43 - Python RPA Challenge -> Scraping - methods.py - [32mINFO    : [32mDownloading image: https://ca-times.brightspotcdn.com/dims4/default/aea2bea/2147483647/strip/true/crop/1620x1080+150+0/resize/840x560!/quality/75/?url=https%3A%2F%2Fcalifornia-times-brightspot.s3.amazonaws.com%2Fde%2F13%2Ff7dcc9f2456fa49f2ed547f7e6f9%2Fpress-0000000.jpg[0m
[32m2024-07-26 22:16:44 - Python RPA Challenge -> Scraping - methods.py - [32mINFO    : [32mArticle created: {'title': 'Press area for Paris Olympics opening ceremony', 'date': '2024-07-26T00:00:00', 'description': 'Here’s where many members of the media will be watching the Paris Olympics opening ceremony.', 'picture_filename': 'https://ca-times.brightspotcdn.com/dims4/default/aea2bea/2147483647/strip/true/crop/1620x1080+150+0/resize/840x560!/quality/75/?url=https%3A%2F%2Fcalifornia-times-brightspot.s3.amazonaws.com%2Fde%2F13%2Ff7dcc9f2456fa49f2ed547f7e6f9%2Fpress-0000000.jpg', 'picture_local_path': 'C:\\Users\\tiago\\OneDrive\\Documentos\\Challenge\\AmazingDevsChallenge\\challenge\\output\\downloads\\Press area for Paris.jpg', 'title_count_phrase': 1, 'description_count_phrase': 1, 'find_money_title_description': False}[0m
[32m2024-07-26 22:16:44 - Python RPA Challenge -> Scraping - methods.py - [32mINFO    : [32mArticle created: {'title': 'Paris Olympics TV schedule: Saturday’s listings', 'date': '2024-07-26T00:00:00', 'description': 'A look at which Olympic events will be on television during the first full day of competition at the 2024 Paris Olympic Games.', 'picture_filename': '', 'picture_local_path': '', 'title_count_phrase': 1, 'description_count_phrase': 0, 'find_money_title_description': False}[0m
[32m2024-07-26 22:16:44 - Python RPA Challenge -> Scraping - methods.py - [32mINFO    : [32mDownloading image: https://ca-times.brightspotcdn.com/dims4/default/8e6385f/2147483647/strip/true/crop/5891x3927+0+0/resize/840x560!/quality/75/?url=https%3A%2F%2Fcalifornia-times-brightspot.s3.amazonaws.com%2F6b%2F3d%2Fe7565e814d8cb2a9e4c2af2313d9%2F1468462-sp-0725-womens-gymnastics-wjs005.jpg[0m
[32m2024-07-26 22:16:45 - Python RPA Challenge -> Scraping - methods.py - [32mINFO    : [32mArticle created: {'title': 'The Sports Report Olympics edition: Previewing the opening ceremony', 'date': '2024-07-26T00:00:00', 'description': 'John Cherwa is your daily guide to the Paris Olympics, offering news, analysis, laughter (we think) and invaluable daily TV listings.', 'picture_filename': 'https://ca-times.brightspotcdn.com/dims4/default/8e6385f/2147483647/strip/true/crop/5891x3927+0+0/resize/840x560!/quality/75/?url=https%3A%2F%2Fcalifornia-times-brightspot.s3.amazonaws.com%2F6b%2F3d%2Fe7565e814d8cb2a9e4c2af2313d9%2F1468462-sp-0725-womens-gymnastics-wjs005.jpg', 'picture_local_path': 'C:\\Users\\tiago\\OneDrive\\Documentos\\Challenge\\AmazingDevsChallenge\\challenge\\output\\downloads\\The Sports Report Ol.jpg', 'title_count_phrase': 1, 'description_count_phrase': 1, 'find_money_title_description': False}[0m
[32m2024-07-26 22:16:45 - Python RPA Challenge -> Scraping - methods.py - [32mINFO    : [32mDownloading image: https://ca-times.brightspotcdn.com/dims4/default/8fe1985/2147483647/strip/true/crop/5567x3711+0+0/resize/840x560!/quality/75/?url=https%3A%2F%2Fcalifornia-times-brightspot.s3.amazonaws.com%2F76%2Fb5%2Fd0c64988424984539a908e48aa98%2F1468464-la-sp-olympics-opening-ceremony431.jpg[0m
[32m2024-07-26 22:16:46 - Python RPA Challenge -> Scraping - methods.py - [32mINFO    : [32mArticle created: {'title': 'Review: Olympics opening ceremony shined with best of Paris and France, but failed as TV', 'date': '2024-07-26T21:57:27.842192', 'description': 'Often enough the grandeur, audacity and nuttiness of the opening ceremony shone through onscreen, but commentary, cutaways and commercials fragmented the TV experience, our critic writes.', 'picture_filename': 'https://ca-times.brightspotcdn.com/dims4/default/8fe1985/2147483647/strip/true/crop/5567x3711+0+0/resize/840x560!/quality/75/?url=https%3A%2F%2Fcalifornia-times-brightspot.s3.amazonaws.com%2F76%2Fb5%2Fd0c64988424984539a908e48aa98%2F1468464-la-sp-olympics-opening-ceremony431.jpg', 'picture_local_path': 'C:\\Users\\tiago\\OneDrive\\Documentos\\Challenge\\AmazingDevsChallenge\\challenge\\output\\downloads\\Review Olympics open.jpg', 'title_count_phrase': 1, 'description_count_phrase': 0, 'find_money_title_description': False}[0m
[32m2024-07-26 22:16:46 - Python RPA Challenge -> Scraping - methods.py - [32mINFO    : [32mDownloading image: https://ca-times.brightspotcdn.com/dims4/default/e5beb31/2147483647/strip/true/crop/2400x1600+0+397/resize/840x560!/quality/75/?url=https%3A%2F%2Fcalifornia-times-brightspot.s3.amazonaws.com%2F83%2F7c%2F7679884c4c4b874caee97119f4c5%2Fhezly-r.jpg[0m
[32m2024-07-26 22:16:47 - Python RPA Challenge -> Scraping - methods.py - [32mINFO    : [32mArticle created: {'title': 'Gymnast Hezly Rivera is Team USA’s youngest athlete at the 2024 Olympics', 'date': '2024-07-26T21:16:28.565158', 'description': 'Hezly Rivera makes history as the fifth Latina to represent USA women’s gymnastics and the youngest to compete this year across all Team USA sports.', 'picture_filename': 'https://ca-times.brightspotcdn.com/dims4/default/e5beb31/2147483647/strip/true/crop/2400x1600+0+397/resize/840x560!/quality/75/?url=https%3A%2F%2Fcalifornia-times-brightspot.s3.amazonaws.com%2F83%2F7c%2F7679884c4c4b874caee97119f4c5%2Fhezly-r.jpg', 'picture_local_path': 'C:\\Users\\tiago\\OneDrive\\Documentos\\Challenge\\AmazingDevsChallenge\\challenge\\output\\downloads\\Gymnast Hezly Rivera.jpg', 'title_count_phrase': 1, 'description_count_phrase': 0, 'find_money_title_description': False}[0m
[32m2024-07-26 22:16:47 - Python RPA Challenge -> Scraping - methods.py - [32mINFO    : [32mDownloading image: https://ca-times.brightspotcdn.com/dims4/default/f10d23f/2147483647/strip/true/crop/5331x3554+334+205/resize/840x560!/quality/75/?url=https%3A%2F%2Fcalifornia-times-brightspot.s3.amazonaws.com%2Fb8%2Ff1%2Fc1c29b164a0ca7d0f68f268b37b2%2F1468464-la-sp-olympics-opening-ceremony439.jpg[0m
[32m2024-07-26 22:16:47 - Python RPA Challenge -> Scraping - methods.py - [32mINFO    : [32mArticle created: {'title': 'Paris shines through summer storm in spectacular Olympic opening ceremony', 'date': '2024-07-26T20:16:29.283901', 'description': 'Pouring rain can’t derail a bold a Paris Olympic opening ceremony that featured athletes on the Seine and performances from Lady Gaga and Celine Dion.', 'picture_filename': 'https://ca-times.brightspotcdn.com/dims4/default/f10d23f/2147483647/strip/true/crop/5331x3554+334+205/resize/840x560!/quality/75/?url=https%3A%2F%2Fcalifornia-times-brightspot.s3.amazonaws.com%2Fb8%2Ff1%2Fc1c29b164a0ca7d0f68f268b37b2%2F1468464-la-sp-olympics-opening-ceremony439.jpg', 'picture_local_path': 'C:\\Users\\tiago\\OneDrive\\Documentos\\Challenge\\AmazingDevsChallenge\\challenge\\output\\downloads\\Paris shines through.jpg', 'title_count_phrase': 0, 'description_count_phrase': 0, 'find_money_title_description': False}[0m
[32m2024-07-26 22:16:47 - Python RPA Challenge -> Scraping - methods.py - [32mINFO    : [32mDownloading image: https://ca-times.brightspotcdn.com/dims4/default/f8e23ea/2147483647/strip/true/crop/5887x3925+0+0/resize/840x560!/quality/75/?url=https%3A%2F%2Fcalifornia-times-brightspot.s3.amazonaws.com%2Fcf%2Fb4%2F47a2d9f846c59947def691459632%2F1468106-sp-0723-la28-olympic-features-wjs004.jpg[0m
[32m2024-07-26 22:16:48 - Python RPA Challenge -> Scraping - methods.py - [32mINFO    : [32mArticle created: {'title': 'Welcome to the The Sports Report: Olympics edition', 'date': '2024-07-24T00:00:00', 'description': 'John Cherwa will be your daily guide to the Paris Olympics, offering news, analysis, laughter (we think) and invaluable daily TV listings.', 'picture_filename': 'https://ca-times.brightspotcdn.com/dims4/default/f8e23ea/2147483647/strip/true/crop/5887x3925+0+0/resize/840x560!/quality/75/?url=https%3A%2F%2Fcalifornia-times-brightspot.s3.amazonaws.com%2Fcf%2Fb4%2F47a2d9f846c59947def691459632%2F1468106-sp-0723-la28-olympic-features-wjs004.jpg', 'picture_local_path': 'C:\\Users\\tiago\\OneDrive\\Documentos\\Challenge\\AmazingDevsChallenge\\challenge\\output\\downloads\\Welcome to the The S.jpg', 'title_count_phrase': 1, 'description_count_phrase': 1, 'find_money_title_description': False}[0m
[32m2024-07-26 22:16:48 - Python RPA Challenge -> Scraping - methods.py - [32mINFO    : [32mDownloading image: https://ca-times.brightspotcdn.com/dims4/default/75c50a2/2147483647/strip/true/crop/5540x3693+0+0/resize/840x560!/quality/75/?url=https%3A%2F%2Fcalifornia-times-brightspot.s3.amazonaws.com%2F5a%2F05%2Fb15ba1224d57b201dfcb7a127426%2Fparis-gender-parity-explainer-95083.jpg[0m
[32m2024-07-26 22:16:50 - Python RPA Challenge -> Scraping - methods.py - [32mINFO    : [32mArticle created: {'title': 'Can the Paris Summer Olympics give Peacock the streaming boost it needs?', 'date': '2024-07-26T00:00:00', 'description': 'Peacock will have 5,000 hours of live coverage which is aimed at bringing in more subscribers to the platform.', 'picture_filename': 'https://ca-times.brightspotcdn.com/dims4/default/75c50a2/2147483647/strip/true/crop/5540x3693+0+0/resize/840x560!/quality/75/?url=https%3A%2F%2Fcalifornia-times-brightspot.s3.amazonaws.com%2F5a%2F05%2Fb15ba1224d57b201dfcb7a127426%2Fparis-gender-parity-explainer-95083.jpg', 'picture_local_path': 'C:\\Users\\tiago\\OneDrive\\Documentos\\Challenge\\AmazingDevsChallenge\\challenge\\output\\downloads\\Can the Paris Summer.jpg', 'title_count_phrase': 1, 'description_count_phrase': 0, 'find_money_title_description': False}[0m
[32m2024-07-26 22:16:50 - Python RPA Challenge -> Scraping - methods.py - [32mINFO    : [32mDownloading image: https://ca-times.brightspotcdn.com/dims4/default/28e45db/2147483647/strip/true/crop/3162x2108+458+32/resize/840x560!/quality/75/?url=https%3A%2F%2Fcalifornia-times-brightspot.s3.amazonaws.com%2Fc8%2Fa0%2Fe6b66d7a472389fbe50a22445957%2Fwwcup-portugal-us-soccer-14728.jpg[0m
[32m2024-07-26 22:16:51 - Python RPA Challenge -> Scraping - methods.py - [32mINFO    : [32mArticle created: {'title': 'Paris Olympics TV schedule: Thursday’s listings', 'date': '2024-07-24T00:00:00', 'description': 'Here’s a rundown of the Paris Olympics television broadcast schedule for Thursday.', 'picture_filename': 'https://ca-times.brightspotcdn.com/dims4/default/28e45db/2147483647/strip/true/crop/3162x2108+458+32/resize/840x560!/quality/75/?url=https%3A%2F%2Fcalifornia-times-brightspot.s3.amazonaws.com%2Fc8%2Fa0%2Fe6b66d7a472389fbe50a22445957%2Fwwcup-portugal-us-soccer-14728.jpg', 'picture_local_path': 'C:\\Users\\tiago\\OneDrive\\Documentos\\Challenge\\AmazingDevsChallenge\\challenge\\output\\downloads\\Paris Olympics TV sc.jpg', 'title_count_phrase': 1, 'description_count_phrase': 1, 'find_money_title_description': False}[0m
[32m2024-07-26 22:16:51 - Python RPA Challenge -> Tasks - tasks_local_test.py - [32mINFO    : [32mSaving articles to Excel[0m
[32m2024-07-26 22:16:51 - Python RPA Challenge -> Scraping - methods.py - [32mINFO    : [32mExcel file created.[0m
[32m2024-07-26 22:16:51 - Python RPA Challenge -> Scraping - methods.py - [32mINFO    : [32mCreating Output...[0m
